<?xml version="1.0" encoding="UTF-8"?>
<!-- Generated by org.testng.reporters.JUnitReportReporter -->
<testsuite skipped="0" hostname="DESKTOP-NVUIMMA" name="com.wecash.http.cases.userBatchQueryIdByMobileMd" tests="9" failures="0" timestamp="15 四月 2020 15:16:32 GMT" time="375.157" errors="0">
  <testcase name="userBatchQueryMobileMd" time="113.945" classname="com.wecash.http.cases.userBatchQueryIdByMobileMd"/>
  <testcase name="userBatchQueryMobileMd" time="52.095" classname="com.wecash.http.cases.userBatchQueryIdByMobileMd"/>
  <testcase name="userBatchQueryMobileMd" time="0.457" classname="com.wecash.http.cases.userBatchQueryIdByMobileMd"/>
  <testcase name="userBatchQueryMobileMd" time="99.908" classname="com.wecash.http.cases.userBatchQueryIdByMobileMd"/>
  <testcase name="userBatchQueryMobileMd" time="0.463" classname="com.wecash.http.cases.userBatchQueryIdByMobileMd"/>
  <testcase name="userBatchQueryMobileMd" time="0.463" classname="com.wecash.http.cases.userBatchQueryIdByMobileMd"/>
  <testcase name="userBatchQueryMobileMd" time="0.455" classname="com.wecash.http.cases.userBatchQueryIdByMobileMd"/>
  <testcase name="userBatchQueryMobileMd" time="0.443" classname="com.wecash.http.cases.userBatchQueryIdByMobileMd"/>
  <testcase name="userBatchQueryMobileMd" time="106.928" classname="com.wecash.http.cases.userBatchQueryIdByMobileMd"/>
</testsuite> <!-- com.wecash.http.cases.userBatchQueryIdByMobileMd -->
