<?xml version="1.0" encoding="UTF-8"?>
<!-- Generated by org.testng.reporters.JUnitReportReporter -->
<testsuite skipped="0" hostname="DESKTOP-NVUIMMA" name="com.wecash.http.cases.userBatchQueryIdByMobileMd" tests="9" failures="0" timestamp="13 四月 2020 12:08:51 GMT" time="51.460" errors="0">
  <testcase name="userBatchQueryMobileMd" time="0.504" classname="com.wecash.http.cases.userBatchQueryIdByMobileMd"/>
  <testcase name="userBatchQueryMobileMd" time="0.511" classname="com.wecash.http.cases.userBatchQueryIdByMobileMd"/>
  <testcase name="userBatchQueryMobileMd" time="47.224" classname="com.wecash.http.cases.userBatchQueryIdByMobileMd"/>
  <testcase name="userBatchQueryMobileMd" time="0.702" classname="com.wecash.http.cases.userBatchQueryIdByMobileMd"/>
  <testcase name="userBatchQueryMobileMd" time="0.505" classname="com.wecash.http.cases.userBatchQueryIdByMobileMd"/>
  <testcase name="userBatchQueryMobileMd" time="0.468" classname="com.wecash.http.cases.userBatchQueryIdByMobileMd"/>
  <testcase name="userBatchQueryMobileMd" time="0.500" classname="com.wecash.http.cases.userBatchQueryIdByMobileMd"/>
  <testcase name="userBatchQueryMobileMd" time="0.498" classname="com.wecash.http.cases.userBatchQueryIdByMobileMd"/>
  <testcase name="userBatchQueryMobileMd" time="0.548" classname="com.wecash.http.cases.userBatchQueryIdByMobileMd"/>
</testsuite> <!-- com.wecash.http.cases.userBatchQueryIdByMobileMd -->
