<?xml version="1.0" encoding="UTF-8"?>
<!-- Generated by org.testng.reporters.JUnitReportReporter -->
<testsuite skipped="0" hostname="DESKTOP-NVUIMMA" name="com.wecash.http.cases.GrantGetConfigByType" tests="11" failures="0" timestamp="16 四月 2020 10:02:37 GMT" time="137.243" errors="0">
  <testcase name="GetGrantConfig" time="0.446" classname="com.wecash.http.cases.GrantGetConfigByType"/>
  <testcase name="GetGrantConfig" time="0.433" classname="com.wecash.http.cases.GrantGetConfigByType"/>
  <testcase name="GetGrantConfig" time="0.468" classname="com.wecash.http.cases.GrantGetConfigByType"/>
  <testcase name="GetGrantConfig" time="69.639" classname="com.wecash.http.cases.GrantGetConfigByType"/>
  <testcase name="GetGrantConfig" time="0.447" classname="com.wecash.http.cases.GrantGetConfigByType"/>
  <testcase name="GetGrantConfig" time="63.523" classname="com.wecash.http.cases.GrantGetConfigByType"/>
  <testcase name="GetGrantConfig" time="0.448" classname="com.wecash.http.cases.GrantGetConfigByType"/>
  <testcase name="GetGrantConfig" time="0.444" classname="com.wecash.http.cases.GrantGetConfigByType"/>
  <testcase name="GetGrantConfig" time="0.468" classname="com.wecash.http.cases.GrantGetConfigByType"/>
  <testcase name="GetGrantConfig" time="0.490" classname="com.wecash.http.cases.GrantGetConfigByType"/>
  <testcase name="GetGrantConfig" time="0.437" classname="com.wecash.http.cases.GrantGetConfigByType"/>
</testsuite> <!-- com.wecash.http.cases.GrantGetConfigByType -->
