<?xml version="1.0" encoding="UTF-8"?>
<!-- Generated by org.testng.reporters.JUnitReportReporter -->
<testsuite skipped="0" hostname="DESKTOP-NVUIMMA" name="com.wecash.http.cases.userCreate" tests="20" failures="0" timestamp="15 四月 2020 12:07:39 GMT" time="1078.062" errors="0">
  <testcase name="userCeateInfo" time="0.465" classname="com.wecash.http.cases.userCreate"/>
  <testcase name="userCeateInfo" time="0.472" classname="com.wecash.http.cases.userCreate"/>
  <testcase name="userCeateInfo" time="63.171" classname="com.wecash.http.cases.userCreate"/>
  <testcase name="userCeateInfo" time="65.064" classname="com.wecash.http.cases.userCreate"/>
  <testcase name="userCeateInfo" time="77.781" classname="com.wecash.http.cases.userCreate"/>
  <testcase name="userCeateInfo" time="95.835" classname="com.wecash.http.cases.userCreate"/>
  <testcase name="userCeateInfo" time="0.548" classname="com.wecash.http.cases.userCreate"/>
  <testcase name="userCeateInfo" time="92.733" classname="com.wecash.http.cases.userCreate"/>
  <testcase name="userCeateInfo" time="84.545" classname="com.wecash.http.cases.userCreate"/>
  <testcase name="userCeateInfo" time="88.175" classname="com.wecash.http.cases.userCreate"/>
  <testcase name="userCeateInfo" time="124.287" classname="com.wecash.http.cases.userCreate"/>
  <testcase name="userCeateInfo" time="5.802" classname="com.wecash.http.cases.userCreate"/>
  <testcase name="userCeateInfo" time="0.449" classname="com.wecash.http.cases.userCreate"/>
  <testcase name="userCeateInfo" time="82.477" classname="com.wecash.http.cases.userCreate"/>
  <testcase name="userCeateInfo" time="79.022" classname="com.wecash.http.cases.userCreate"/>
  <testcase name="userCeateInfo" time="97.227" classname="com.wecash.http.cases.userCreate"/>
  <testcase name="userCeateInfo" time="0.460" classname="com.wecash.http.cases.userCreate"/>
  <testcase name="userCeateInfo" time="118.607" classname="com.wecash.http.cases.userCreate"/>
  <testcase name="userCeateInfo" time="0.495" classname="com.wecash.http.cases.userCreate"/>
  <testcase name="userCeateInfo" time="0.447" classname="com.wecash.http.cases.userCreate"/>
</testsuite> <!-- com.wecash.http.cases.userCreate -->
