<?xml version="1.0" encoding="UTF-8"?>
<!-- Generated by org.testng.reporters.JUnitReportReporter -->
<testsuite skipped="0" hostname="DESKTOP-NVUIMMA" name="com.wecash.http.cases.userQueryIdByConditionMd" tests="39" failures="0" timestamp="13 四月 2020 07:44:49 GMT" time="96.292" errors="0">
  <testcase name="QueryByConditionMd" time="0.508" classname="com.wecash.http.cases.userQueryIdByConditionMd"/>
  <testcase name="QueryByConditionMd" time="0.464" classname="com.wecash.http.cases.userQueryIdByConditionMd"/>
  <testcase name="QueryByConditionMd" time="0.476" classname="com.wecash.http.cases.userQueryIdByConditionMd"/>
  <testcase name="QueryByConditionMd" time="0.532" classname="com.wecash.http.cases.userQueryIdByConditionMd"/>
  <testcase name="QueryByConditionMd" time="0.465" classname="com.wecash.http.cases.userQueryIdByConditionMd"/>
  <testcase name="QueryByConditionMd" time="0.493" classname="com.wecash.http.cases.userQueryIdByConditionMd"/>
  <testcase name="QueryByConditionMd" time="77.040" classname="com.wecash.http.cases.userQueryIdByConditionMd"/>
  <testcase name="QueryByConditionMd" time="0.450" classname="com.wecash.http.cases.userQueryIdByConditionMd"/>
  <testcase name="QueryByConditionMd" time="0.501" classname="com.wecash.http.cases.userQueryIdByConditionMd"/>
  <testcase name="QueryByConditionMd" time="0.510" classname="com.wecash.http.cases.userQueryIdByConditionMd"/>
  <testcase name="QueryByConditionMd" time="0.468" classname="com.wecash.http.cases.userQueryIdByConditionMd"/>
  <testcase name="QueryByConditionMd" time="1.776" classname="com.wecash.http.cases.userQueryIdByConditionMd"/>
  <testcase name="QueryByConditionMd" time="0.463" classname="com.wecash.http.cases.userQueryIdByConditionMd"/>
  <testcase name="QueryByConditionMd" time="0.455" classname="com.wecash.http.cases.userQueryIdByConditionMd"/>
  <testcase name="QueryByConditionMd" time="0.525" classname="com.wecash.http.cases.userQueryIdByConditionMd"/>
  <testcase name="QueryByConditionMd" time="0.466" classname="com.wecash.http.cases.userQueryIdByConditionMd"/>
  <testcase name="QueryByConditionMd" time="0.445" classname="com.wecash.http.cases.userQueryIdByConditionMd"/>
  <testcase name="QueryByConditionMd" time="0.478" classname="com.wecash.http.cases.userQueryIdByConditionMd"/>
  <testcase name="QueryByConditionMd" time="0.452" classname="com.wecash.http.cases.userQueryIdByConditionMd"/>
  <testcase name="QueryByConditionMd" time="0.482" classname="com.wecash.http.cases.userQueryIdByConditionMd"/>
  <testcase name="QueryByConditionMd" time="0.438" classname="com.wecash.http.cases.userQueryIdByConditionMd"/>
  <testcase name="QueryByConditionMd" time="0.461" classname="com.wecash.http.cases.userQueryIdByConditionMd"/>
  <testcase name="QueryByConditionMd" time="0.524" classname="com.wecash.http.cases.userQueryIdByConditionMd"/>
  <testcase name="QueryByConditionMd" time="0.456" classname="com.wecash.http.cases.userQueryIdByConditionMd"/>
  <testcase name="QueryByConditionMd" time="0.468" classname="com.wecash.http.cases.userQueryIdByConditionMd"/>
  <testcase name="QueryByConditionMd" time="0.463" classname="com.wecash.http.cases.userQueryIdByConditionMd"/>
  <testcase name="QueryByConditionMd" time="0.499" classname="com.wecash.http.cases.userQueryIdByConditionMd"/>
  <testcase name="QueryByConditionMd" time="0.451" classname="com.wecash.http.cases.userQueryIdByConditionMd"/>
  <testcase name="QueryByConditionMd" time="0.482" classname="com.wecash.http.cases.userQueryIdByConditionMd"/>
  <testcase name="QueryByConditionMd" time="0.457" classname="com.wecash.http.cases.userQueryIdByConditionMd"/>
  <testcase name="QueryByConditionMd" time="0.448" classname="com.wecash.http.cases.userQueryIdByConditionMd"/>
  <testcase name="QueryByConditionMd" time="0.510" classname="com.wecash.http.cases.userQueryIdByConditionMd"/>
  <testcase name="QueryByConditionMd" time="0.444" classname="com.wecash.http.cases.userQueryIdByConditionMd"/>
  <testcase name="QueryByConditionMd" time="0.480" classname="com.wecash.http.cases.userQueryIdByConditionMd"/>
  <testcase name="QueryByConditionMd" time="0.503" classname="com.wecash.http.cases.userQueryIdByConditionMd"/>
  <testcase name="QueryByConditionMd" time="0.443" classname="com.wecash.http.cases.userQueryIdByConditionMd"/>
  <testcase name="QueryByConditionMd" time="0.440" classname="com.wecash.http.cases.userQueryIdByConditionMd"/>
  <testcase name="QueryByConditionMd" time="0.441" classname="com.wecash.http.cases.userQueryIdByConditionMd"/>
  <testcase name="QueryByConditionMd" time="0.435" classname="com.wecash.http.cases.userQueryIdByConditionMd"/>
</testsuite> <!-- com.wecash.http.cases.userQueryIdByConditionMd -->
