<?xml version="1.0" encoding="UTF-8"?>
<!-- Generated by org.testng.reporters.JUnitReportReporter -->
<testsuite skipped="0" hostname="DESKTOP-NVUIMMA" name="com.wecash.http.cases.user" tests="199" failures="0" timestamp="09 四月 2020 08:25:28 GMT" time="125.985" errors="0">
  <testcase name="userGetAllInfo" time="0.522" classname="com.wecash.http.cases.user"/>
  <testcase name="userGetAllInfo" time="0.485" classname="com.wecash.http.cases.user"/>
  <testcase name="userGetAllInfo" time="1.360" classname="com.wecash.http.cases.user"/>
  <testcase name="userGetAllInfo" time="0.454" classname="com.wecash.http.cases.user"/>
  <testcase name="userGetAllInfo" time="0.457" classname="com.wecash.http.cases.user"/>
  <testcase name="userGetAllInfo" time="0.464" classname="com.wecash.http.cases.user"/>
  <testcase name="userGetAllInfo" time="0.455" classname="com.wecash.http.cases.user"/>
  <testcase name="userGetAllInfo" time="0.495" classname="com.wecash.http.cases.user"/>
  <testcase name="userGetAllInfo" time="0.532" classname="com.wecash.http.cases.user"/>
  <testcase name="userGetAllInfo" time="1.637" classname="com.wecash.http.cases.user"/>
  <testcase name="userGetAllInfo" time="1.605" classname="com.wecash.http.cases.user"/>
  <testcase name="userGetAllInfo" time="0.431" classname="com.wecash.http.cases.user"/>
  <testcase name="userGetAllInfo" time="0.452" classname="com.wecash.http.cases.user"/>
  <testcase name="userGetAllInfo" time="0.543" classname="com.wecash.http.cases.user"/>
  <testcase name="userGetAllInfo" time="0.449" classname="com.wecash.http.cases.user"/>
  <testcase name="userGetAllInfo" time="0.459" classname="com.wecash.http.cases.user"/>
  <testcase name="userGetAllInfo" time="0.478" classname="com.wecash.http.cases.user"/>
  <testcase name="userGetAllInfo" time="0.466" classname="com.wecash.http.cases.user"/>
  <testcase name="userGetAllInfo" time="0.472" classname="com.wecash.http.cases.user"/>
  <testcase name="userGetAllInfo" time="1.537" classname="com.wecash.http.cases.user"/>
  <testcase name="userGetAllInfo" time="0.529" classname="com.wecash.http.cases.user"/>
  <testcase name="userGetAllInfo" time="1.437" classname="com.wecash.http.cases.user"/>
  <testcase name="userGetAllInfo" time="0.536" classname="com.wecash.http.cases.user"/>
  <testcase name="userGetAllInfo" time="0.479" classname="com.wecash.http.cases.user"/>
  <testcase name="userGetAllInfo" time="0.468" classname="com.wecash.http.cases.user"/>
  <testcase name="userGetAllInfo" time="0.486" classname="com.wecash.http.cases.user"/>
  <testcase name="userGetAllInfo" time="0.481" classname="com.wecash.http.cases.user"/>
  <testcase name="userGetAllInfo" time="1.860" classname="com.wecash.http.cases.user"/>
  <testcase name="userGetAllInfo" time="1.452" classname="com.wecash.http.cases.user"/>
  <testcase name="userGetAllInfo" time="1.608" classname="com.wecash.http.cases.user"/>
  <testcase name="userGetAllInfo" time="0.499" classname="com.wecash.http.cases.user"/>
  <testcase name="userGetAllInfo" time="0.529" classname="com.wecash.http.cases.user"/>
  <testcase name="userGetAllInfo" time="0.516" classname="com.wecash.http.cases.user"/>
  <testcase name="userGetAllInfo" time="0.470" classname="com.wecash.http.cases.user"/>
  <testcase name="userGetAllInfo" time="0.527" classname="com.wecash.http.cases.user"/>
  <testcase name="userGetAllInfo" time="0.486" classname="com.wecash.http.cases.user"/>
  <testcase name="userGetAllInfo" time="0.522" classname="com.wecash.http.cases.user"/>
  <testcase name="userGetAllInfo" time="0.468" classname="com.wecash.http.cases.user"/>
  <testcase name="userGetAllInfo" time="0.435" classname="com.wecash.http.cases.user"/>
  <testcase name="userGetAllInfo" time="0.645" classname="com.wecash.http.cases.user"/>
  <testcase name="userGetAllInfo" time="0.466" classname="com.wecash.http.cases.user"/>
  <testcase name="userGetAllInfo" time="0.457" classname="com.wecash.http.cases.user"/>
  <testcase name="userGetAllInfo" time="0.472" classname="com.wecash.http.cases.user"/>
  <testcase name="userGetAllInfo" time="0.490" classname="com.wecash.http.cases.user"/>
  <testcase name="userGetAllInfo" time="0.431" classname="com.wecash.http.cases.user"/>
  <testcase name="userGetAllInfo" time="0.553" classname="com.wecash.http.cases.user"/>
  <testcase name="userGetAllInfo" time="0.440" classname="com.wecash.http.cases.user"/>
  <testcase name="userGetAllInfo" time="1.463" classname="com.wecash.http.cases.user"/>
  <testcase name="userGetAllInfo" time="0.452" classname="com.wecash.http.cases.user"/>
  <testcase name="userGetAllInfo" time="0.461" classname="com.wecash.http.cases.user"/>
  <testcase name="userGetAllInfo" time="0.482" classname="com.wecash.http.cases.user"/>
  <testcase name="userGetAllInfo" time="0.472" classname="com.wecash.http.cases.user"/>
  <testcase name="userGetAllInfo" time="0.449" classname="com.wecash.http.cases.user"/>
  <testcase name="userGetAllInfo" time="0.477" classname="com.wecash.http.cases.user"/>
  <testcase name="userGetAllInfo" time="0.456" classname="com.wecash.http.cases.user"/>
  <testcase name="userGetAllInfo" time="0.451" classname="com.wecash.http.cases.user"/>
  <testcase name="userGetAllInfo" time="0.480" classname="com.wecash.http.cases.user"/>
  <testcase name="userGetAllInfo" time="0.470" classname="com.wecash.http.cases.user"/>
  <testcase name="userGetAllInfo" time="0.448" classname="com.wecash.http.cases.user"/>
  <testcase name="userGetAllInfo" time="0.475" classname="com.wecash.http.cases.user"/>
  <testcase name="userGetAllInfo" time="0.453" classname="com.wecash.http.cases.user"/>
  <testcase name="userGetAllInfo" time="0.460" classname="com.wecash.http.cases.user"/>
  <testcase name="userGetAllInfo" time="0.543" classname="com.wecash.http.cases.user"/>
  <testcase name="userGetAllInfo" time="0.528" classname="com.wecash.http.cases.user"/>
  <testcase name="userGetAllInfo" time="0.469" classname="com.wecash.http.cases.user"/>
  <testcase name="userGetAllInfo" time="0.469" classname="com.wecash.http.cases.user"/>
  <testcase name="userGetAllInfo" time="0.479" classname="com.wecash.http.cases.user"/>
  <testcase name="userGetAllInfo" time="0.448" classname="com.wecash.http.cases.user"/>
  <testcase name="userGetAllInfo" time="0.465" classname="com.wecash.http.cases.user"/>
  <testcase name="userGetAllInfo" time="0.461" classname="com.wecash.http.cases.user"/>
  <testcase name="userGetAllInfo" time="0.467" classname="com.wecash.http.cases.user"/>
  <testcase name="userGetAllInfo" time="0.436" classname="com.wecash.http.cases.user"/>
  <testcase name="userGetAllInfo" time="1.648" classname="com.wecash.http.cases.user"/>
  <testcase name="userGetAllInfo" time="0.447" classname="com.wecash.http.cases.user"/>
  <testcase name="userGetAllInfo" time="0.544" classname="com.wecash.http.cases.user"/>
  <testcase name="userGetAllInfo" time="0.467" classname="com.wecash.http.cases.user"/>
  <testcase name="userGetAllInfo" time="0.456" classname="com.wecash.http.cases.user"/>
  <testcase name="userGetAllInfo" time="0.487" classname="com.wecash.http.cases.user"/>
  <testcase name="userGetAllInfo" time="1.486" classname="com.wecash.http.cases.user"/>
  <testcase name="userGetAllInfo" time="0.464" classname="com.wecash.http.cases.user"/>
  <testcase name="userGetAllInfo" time="0.442" classname="com.wecash.http.cases.user"/>
  <testcase name="userGetAllInfo" time="0.488" classname="com.wecash.http.cases.user"/>
  <testcase name="userGetAllInfo" time="0.501" classname="com.wecash.http.cases.user"/>
  <testcase name="userGetAllInfo" time="1.436" classname="com.wecash.http.cases.user"/>
  <testcase name="userGetAllInfo" time="0.471" classname="com.wecash.http.cases.user"/>
  <testcase name="userGetAllInfo" time="0.451" classname="com.wecash.http.cases.user"/>
  <testcase name="userGetAllInfo" time="8.917" classname="com.wecash.http.cases.user"/>
  <testcase name="userGetAllInfo" time="1.451" classname="com.wecash.http.cases.user"/>
  <testcase name="userGetAllInfo" time="1.531" classname="com.wecash.http.cases.user"/>
  <testcase name="userGetAllInfo" time="0.436" classname="com.wecash.http.cases.user"/>
  <testcase name="userGetAllInfo" time="0.471" classname="com.wecash.http.cases.user"/>
  <testcase name="userGetAllInfo" time="0.433" classname="com.wecash.http.cases.user"/>
  <testcase name="userGetAllInfo" time="0.454" classname="com.wecash.http.cases.user"/>
  <testcase name="userGetAllInfo" time="0.482" classname="com.wecash.http.cases.user"/>
  <testcase name="userGetAllInfo" time="0.460" classname="com.wecash.http.cases.user"/>
  <testcase name="userGetAllInfo" time="0.441" classname="com.wecash.http.cases.user"/>
  <testcase name="userGetAllInfo" time="0.464" classname="com.wecash.http.cases.user"/>
  <testcase name="userGetAllInfo" time="0.448" classname="com.wecash.http.cases.user"/>
  <testcase name="userGetAllInfo" time="0.468" classname="com.wecash.http.cases.user"/>
  <testcase name="userGetAllInfo" time="0.439" classname="com.wecash.http.cases.user"/>
  <testcase name="userGetAllInfo" time="0.560" classname="com.wecash.http.cases.user"/>
  <testcase name="userGetAllInfo" time="0.446" classname="com.wecash.http.cases.user"/>
  <testcase name="userGetAllInfo" time="0.462" classname="com.wecash.http.cases.user"/>
  <testcase name="userGetAllInfo" time="0.507" classname="com.wecash.http.cases.user"/>
  <testcase name="userGetAllInfo" time="0.448" classname="com.wecash.http.cases.user"/>
  <testcase name="userGetAllInfo" time="0.581" classname="com.wecash.http.cases.user"/>
  <testcase name="userGetAllInfo" time="0.515" classname="com.wecash.http.cases.user"/>
  <testcase name="userGetAllInfo" time="0.478" classname="com.wecash.http.cases.user"/>
  <testcase name="userGetAllInfo" time="0.451" classname="com.wecash.http.cases.user"/>
  <testcase name="userGetAllInfo" time="0.543" classname="com.wecash.http.cases.user"/>
  <testcase name="userGetAllInfo" time="0.465" classname="com.wecash.http.cases.user"/>
  <testcase name="userGetAllInfo" time="0.430" classname="com.wecash.http.cases.user"/>
  <testcase name="userGetAllInfo" time="0.466" classname="com.wecash.http.cases.user"/>
  <testcase name="userGetAllInfo" time="0.506" classname="com.wecash.http.cases.user"/>
  <testcase name="userGetAllInfo" time="0.447" classname="com.wecash.http.cases.user"/>
  <testcase name="userGetAllInfo" time="0.439" classname="com.wecash.http.cases.user"/>
  <testcase name="userGetAllInfo" time="0.436" classname="com.wecash.http.cases.user"/>
  <testcase name="userGetAllInfo" time="0.450" classname="com.wecash.http.cases.user"/>
  <testcase name="userGetAllInfo" time="0.442" classname="com.wecash.http.cases.user"/>
  <testcase name="userGetAllInfo" time="0.543" classname="com.wecash.http.cases.user"/>
  <testcase name="userGetAllInfo" time="0.451" classname="com.wecash.http.cases.user"/>
  <testcase name="userGetAllInfo" time="0.483" classname="com.wecash.http.cases.user"/>
  <testcase name="userGetAllInfo" time="0.459" classname="com.wecash.http.cases.user"/>
  <testcase name="userGetAllInfo" time="0.456" classname="com.wecash.http.cases.user"/>
  <testcase name="userGetAllInfo" time="0.449" classname="com.wecash.http.cases.user"/>
  <testcase name="userGetAllInfo" time="0.438" classname="com.wecash.http.cases.user"/>
  <testcase name="userGetAllInfo" time="0.512" classname="com.wecash.http.cases.user"/>
  <testcase name="userGetAllInfo" time="0.455" classname="com.wecash.http.cases.user"/>
  <testcase name="userGetAllInfo" time="0.459" classname="com.wecash.http.cases.user"/>
  <testcase name="userGetAllInfo" time="0.498" classname="com.wecash.http.cases.user"/>
  <testcase name="userGetAllInfo" time="0.458" classname="com.wecash.http.cases.user"/>
  <testcase name="userGetAllInfo" time="0.443" classname="com.wecash.http.cases.user"/>
  <testcase name="userGetAllInfo" time="0.434" classname="com.wecash.http.cases.user"/>
  <testcase name="userGetAllInfo" time="0.502" classname="com.wecash.http.cases.user"/>
  <testcase name="userGetAllInfo" time="0.467" classname="com.wecash.http.cases.user"/>
  <testcase name="userGetAllInfo" time="0.481" classname="com.wecash.http.cases.user"/>
  <testcase name="userGetAllInfo" time="0.439" classname="com.wecash.http.cases.user"/>
  <testcase name="userGetAllInfo" time="0.451" classname="com.wecash.http.cases.user"/>
  <testcase name="userGetAllInfo" time="0.447" classname="com.wecash.http.cases.user"/>
  <testcase name="userGetAllInfo" time="0.478" classname="com.wecash.http.cases.user"/>
  <testcase name="userGetAllInfo" time="0.451" classname="com.wecash.http.cases.user"/>
  <testcase name="userGetAllInfo" time="0.447" classname="com.wecash.http.cases.user"/>
  <testcase name="userGetAllInfo" time="0.498" classname="com.wecash.http.cases.user"/>
  <testcase name="userGetAllInfo" time="0.481" classname="com.wecash.http.cases.user"/>
  <testcase name="userGetAllInfo" time="0.443" classname="com.wecash.http.cases.user"/>
  <testcase name="userGetAllInfo" time="0.518" classname="com.wecash.http.cases.user"/>
  <testcase name="userGetAllInfo" time="0.443" classname="com.wecash.http.cases.user"/>
  <testcase name="userGetAllInfo" time="0.838" classname="com.wecash.http.cases.user"/>
  <testcase name="userGetAllInfo" time="0.442" classname="com.wecash.http.cases.user"/>
  <testcase name="userGetAllInfo" time="1.484" classname="com.wecash.http.cases.user"/>
  <testcase name="userGetAllInfo" time="0.454" classname="com.wecash.http.cases.user"/>
  <testcase name="userGetAllInfo" time="0.464" classname="com.wecash.http.cases.user"/>
  <testcase name="userGetAllInfo" time="0.447" classname="com.wecash.http.cases.user"/>
  <testcase name="userGetAllInfo" time="0.451" classname="com.wecash.http.cases.user"/>
  <testcase name="userGetAllInfo" time="0.454" classname="com.wecash.http.cases.user"/>
  <testcase name="userGetAllInfo" time="0.450" classname="com.wecash.http.cases.user"/>
  <testcase name="userGetAllInfo" time="1.458" classname="com.wecash.http.cases.user"/>
  <testcase name="userGetAllInfo" time="0.572" classname="com.wecash.http.cases.user"/>
  <testcase name="userGetAllInfo" time="0.472" classname="com.wecash.http.cases.user"/>
  <testcase name="userGetAllInfo" time="1.550" classname="com.wecash.http.cases.user"/>
  <testcase name="userGetAllInfo" time="0.536" classname="com.wecash.http.cases.user"/>
  <testcase name="userGetAllInfo" time="0.469" classname="com.wecash.http.cases.user"/>
  <testcase name="userGetAllInfo" time="0.462" classname="com.wecash.http.cases.user"/>
  <testcase name="userGetAllInfo" time="2.233" classname="com.wecash.http.cases.user"/>
  <testcase name="userGetAllInfo" time="0.473" classname="com.wecash.http.cases.user"/>
  <testcase name="userGetAllInfo" time="0.492" classname="com.wecash.http.cases.user"/>
  <testcase name="userGetAllInfo" time="0.473" classname="com.wecash.http.cases.user"/>
  <testcase name="userGetAllInfo" time="0.503" classname="com.wecash.http.cases.user"/>
  <testcase name="userGetAllInfo" time="1.384" classname="com.wecash.http.cases.user"/>
  <testcase name="userGetAllInfo" time="0.427" classname="com.wecash.http.cases.user"/>
  <testcase name="userGetAllInfo" time="0.440" classname="com.wecash.http.cases.user"/>
  <testcase name="userGetAllInfo" time="0.451" classname="com.wecash.http.cases.user"/>
  <testcase name="userGetAllInfo" time="0.459" classname="com.wecash.http.cases.user"/>
  <testcase name="userGetAllInfo" time="0.514" classname="com.wecash.http.cases.user"/>
  <testcase name="userGetAllInfo" time="0.451" classname="com.wecash.http.cases.user"/>
  <testcase name="userGetAllInfo" time="0.512" classname="com.wecash.http.cases.user"/>
  <testcase name="userGetAllInfo" time="0.508" classname="com.wecash.http.cases.user"/>
  <testcase name="userGetAllInfo" time="0.445" classname="com.wecash.http.cases.user"/>
  <testcase name="userGetAllInfo" time="0.479" classname="com.wecash.http.cases.user"/>
  <testcase name="userGetAllInfo" time="0.462" classname="com.wecash.http.cases.user"/>
  <testcase name="userGetAllInfo" time="0.489" classname="com.wecash.http.cases.user"/>
  <testcase name="userGetAllInfo" time="0.483" classname="com.wecash.http.cases.user"/>
  <testcase name="userGetAllInfo" time="0.423" classname="com.wecash.http.cases.user"/>
  <testcase name="userGetAllInfo" time="0.454" classname="com.wecash.http.cases.user"/>
  <testcase name="userGetAllInfo" time="0.468" classname="com.wecash.http.cases.user"/>
  <testcase name="userGetAllInfo" time="0.452" classname="com.wecash.http.cases.user"/>
  <testcase name="userGetAllInfo" time="0.506" classname="com.wecash.http.cases.user"/>
  <testcase name="userGetAllInfo" time="1.462" classname="com.wecash.http.cases.user"/>
  <testcase name="userGetAllInfo" time="1.526" classname="com.wecash.http.cases.user"/>
  <testcase name="userGetAllInfo" time="0.469" classname="com.wecash.http.cases.user"/>
  <testcase name="userGetAllInfo" time="0.485" classname="com.wecash.http.cases.user"/>
  <testcase name="userGetAllInfo" time="0.504" classname="com.wecash.http.cases.user"/>
  <testcase name="userGetAllInfo" time="0.449" classname="com.wecash.http.cases.user"/>
  <testcase name="userGetAllInfo" time="0.506" classname="com.wecash.http.cases.user"/>
  <testcase name="userGetAllInfo" time="0.451" classname="com.wecash.http.cases.user"/>
  <testcase name="userGetAllInfo" time="0.639" classname="com.wecash.http.cases.user"/>
  <testcase name="userGetAllInfo" time="0.543" classname="com.wecash.http.cases.user"/>
  <testcase name="userGetAllInfo" time="0.454" classname="com.wecash.http.cases.user"/>
  <testcase name="userGetAllInfo" time="0.465" classname="com.wecash.http.cases.user"/>
</testsuite> <!-- com.wecash.http.cases.user -->
