<?xml version="1.0" encoding="UTF-8"?>
<!-- Generated by org.testng.reporters.JUnitReportReporter -->
<testsuite skipped="0" hostname="DESKTOP-NVUIMMA" name="com.wecash.http.cases.userCreate" tests="20" failures="0" timestamp="09 四月 2020 14:36:29 GMT" time="29.110" errors="0">
  <testcase name="userGetAllInfo" time="0.459" classname="com.wecash.http.cases.userCreate"/>
  <testcase name="userGetAllInfo" time="0.447" classname="com.wecash.http.cases.userCreate"/>
  <testcase name="userGetAllInfo" time="1.433" classname="com.wecash.http.cases.userCreate"/>
  <testcase name="userGetAllInfo" time="1.436" classname="com.wecash.http.cases.userCreate"/>
  <testcase name="userGetAllInfo" time="1.477" classname="com.wecash.http.cases.userCreate"/>
  <testcase name="userGetAllInfo" time="1.461" classname="com.wecash.http.cases.userCreate"/>
  <testcase name="userGetAllInfo" time="1.423" classname="com.wecash.http.cases.userCreate"/>
  <testcase name="userGetAllInfo" time="1.505" classname="com.wecash.http.cases.userCreate"/>
  <testcase name="userGetAllInfo" time="1.447" classname="com.wecash.http.cases.userCreate"/>
  <testcase name="userGetAllInfo" time="0.479" classname="com.wecash.http.cases.userCreate"/>
  <testcase name="userGetAllInfo" time="0.525" classname="com.wecash.http.cases.userCreate"/>
  <testcase name="userGetAllInfo" time="1.438" classname="com.wecash.http.cases.userCreate"/>
  <testcase name="userGetAllInfo" time="1.483" classname="com.wecash.http.cases.userCreate"/>
  <testcase name="userGetAllInfo" time="0.478" classname="com.wecash.http.cases.userCreate"/>
  <testcase name="userGetAllInfo" time="0.456" classname="com.wecash.http.cases.userCreate"/>
  <testcase name="userGetAllInfo" time="0.435" classname="com.wecash.http.cases.userCreate"/>
  <testcase name="userGetAllInfo" time="1.620" classname="com.wecash.http.cases.userCreate"/>
  <testcase name="userGetAllInfo" time="1.467" classname="com.wecash.http.cases.userCreate"/>
  <testcase name="userGetAllInfo" time="0.479" classname="com.wecash.http.cases.userCreate"/>
  <testcase name="userGetAllInfo" time="9.162" classname="com.wecash.http.cases.userCreate"/>
</testsuite> <!-- com.wecash.http.cases.userCreate -->
