<?xml version="1.0" encoding="UTF-8"?>
<!-- Generated by org.testng.reporters.JUnitReportReporter -->
<testsuite skipped="0" hostname="DESKTOP-NVUIMMA" name="com.wecash.http.cases.userLogout" tests="17" failures="0" timestamp="10 四月 2020 13:30:36 GMT" time="45.126" errors="0">
  <testcase name="userInvalid" time="1.641" classname="com.wecash.http.cases.userLogout"/>
  <testcase name="userInvalid" time="0.463" classname="com.wecash.http.cases.userLogout"/>
  <testcase name="userInvalid" time="0.508" classname="com.wecash.http.cases.userLogout"/>
  <testcase name="userInvalid" time="0.493" classname="com.wecash.http.cases.userLogout"/>
  <testcase name="userInvalid" time="0.464" classname="com.wecash.http.cases.userLogout"/>
  <testcase name="userInvalid" time="0.549" classname="com.wecash.http.cases.userLogout"/>
  <testcase name="userInvalid" time="0.453" classname="com.wecash.http.cases.userLogout"/>
  <testcase name="userInvalid" time="0.596" classname="com.wecash.http.cases.userLogout"/>
  <testcase name="userInvalid" time="0.607" classname="com.wecash.http.cases.userLogout"/>
  <testcase name="userInvalid" time="1.763" classname="com.wecash.http.cases.userLogout"/>
  <testcase name="userInvalid" time="0.428" classname="com.wecash.http.cases.userLogout"/>
  <testcase name="userInvalid" time="1.760" classname="com.wecash.http.cases.userLogout"/>
  <testcase name="userInvalid" time="0.609" classname="com.wecash.http.cases.userLogout"/>
  <testcase name="userInvalid" time="0.465" classname="com.wecash.http.cases.userLogout"/>
  <testcase name="userInvalid" time="32.229" classname="com.wecash.http.cases.userLogout"/>
  <testcase name="userInvalid" time="0.463" classname="com.wecash.http.cases.userLogout"/>
  <testcase name="userInvalid" time="1.635" classname="com.wecash.http.cases.userLogout"/>
</testsuite> <!-- com.wecash.http.cases.userLogout -->
