<?xml version="1.0" encoding="UTF-8"?>
<!-- Generated by org.testng.reporters.JUnitReportReporter -->
<testsuite skipped="0" hostname="DESKTOP-NVUIMMA" name="com.wecash.http.cases.CashAccountQueryLimit" tests="9" failures="0" timestamp="15 四月 2020 14:43:44 GMT" time="17.164" errors="0">
  <testcase name="QueryAccountInfo" time="0.525" classname="com.wecash.http.cases.CashAccountQueryLimit"/>
  <testcase name="QueryAccountInfo" time="13.046" classname="com.wecash.http.cases.CashAccountQueryLimit"/>
  <testcase name="QueryAccountInfo" time="0.450" classname="com.wecash.http.cases.CashAccountQueryLimit"/>
  <testcase name="QueryAccountInfo" time="0.456" classname="com.wecash.http.cases.CashAccountQueryLimit"/>
  <testcase name="QueryAccountInfo" time="0.461" classname="com.wecash.http.cases.CashAccountQueryLimit"/>
  <testcase name="QueryAccountInfo" time="0.582" classname="com.wecash.http.cases.CashAccountQueryLimit"/>
  <testcase name="QueryAccountInfo" time="0.557" classname="com.wecash.http.cases.CashAccountQueryLimit"/>
  <testcase name="QueryAccountInfo" time="0.567" classname="com.wecash.http.cases.CashAccountQueryLimit"/>
  <testcase name="QueryAccountInfo" time="0.520" classname="com.wecash.http.cases.CashAccountQueryLimit"/>
</testsuite> <!-- com.wecash.http.cases.CashAccountQueryLimit -->
