<?xml version="1.0" encoding="UTF-8"?>
<!-- Generated by org.testng.reporters.JUnitReportReporter -->
<testsuite skipped="0" hostname="DESKTOP-NVUIMMA" name="com.wecash.http.cases.user" tests="148" failures="0" timestamp="08 四月 2020 12:30:43 GMT" time="172.119" errors="0">
  <testcase name="userGetAllInfo" time="0.468" classname="com.wecash.http.cases.user"/>
  <testcase name="userGetAllInfo" time="0.451" classname="com.wecash.http.cases.user"/>
  <testcase name="userGetAllInfo" time="0.617" classname="com.wecash.http.cases.user"/>
  <testcase name="userGetAllInfo" time="0.519" classname="com.wecash.http.cases.user"/>
  <testcase name="userGetAllInfo" time="0.455" classname="com.wecash.http.cases.user"/>
  <testcase name="userGetAllInfo" time="0.443" classname="com.wecash.http.cases.user"/>
  <testcase name="userGetAllInfo" time="0.427" classname="com.wecash.http.cases.user"/>
  <testcase name="userGetAllInfo" time="0.438" classname="com.wecash.http.cases.user"/>
  <testcase name="userGetAllInfo" time="0.454" classname="com.wecash.http.cases.user"/>
  <testcase name="userGetAllInfo" time="0.442" classname="com.wecash.http.cases.user"/>
  <testcase name="userGetAllInfo" time="0.447" classname="com.wecash.http.cases.user"/>
  <testcase name="userGetAllInfo" time="0.444" classname="com.wecash.http.cases.user"/>
  <testcase name="userGetAllInfo" time="1.658" classname="com.wecash.http.cases.user"/>
  <testcase name="userGetAllInfo" time="1.456" classname="com.wecash.http.cases.user"/>
  <testcase name="userGetAllInfo" time="0.468" classname="com.wecash.http.cases.user"/>
  <testcase name="userGetAllInfo" time="0.550" classname="com.wecash.http.cases.user"/>
  <testcase name="userGetAllInfo" time="0.454" classname="com.wecash.http.cases.user"/>
  <testcase name="userGetAllInfo" time="0.449" classname="com.wecash.http.cases.user"/>
  <testcase name="userGetAllInfo" time="0.462" classname="com.wecash.http.cases.user"/>
  <testcase name="userGetAllInfo" time="0.437" classname="com.wecash.http.cases.user"/>
  <testcase name="userGetAllInfo" time="0.447" classname="com.wecash.http.cases.user"/>
  <testcase name="userGetAllInfo" time="0.434" classname="com.wecash.http.cases.user"/>
  <testcase name="userGetAllInfo" time="0.425" classname="com.wecash.http.cases.user"/>
  <testcase name="userGetAllInfo" time="0.475" classname="com.wecash.http.cases.user"/>
  <testcase name="userGetAllInfo" time="0.431" classname="com.wecash.http.cases.user"/>
  <testcase name="userGetAllInfo" time="0.432" classname="com.wecash.http.cases.user"/>
  <testcase name="userGetAllInfo" time="0.537" classname="com.wecash.http.cases.user"/>
  <testcase name="userGetAllInfo" time="0.440" classname="com.wecash.http.cases.user"/>
  <testcase name="userGetAllInfo" time="1.218" classname="com.wecash.http.cases.user"/>
  <testcase name="userGetAllInfo" time="0.503" classname="com.wecash.http.cases.user"/>
  <testcase name="userGetAllInfo" time="0.450" classname="com.wecash.http.cases.user"/>
  <testcase name="userGetAllInfo" time="0.445" classname="com.wecash.http.cases.user"/>
  <testcase name="userGetAllInfo" time="0.437" classname="com.wecash.http.cases.user"/>
  <testcase name="userGetAllInfo" time="0.446" classname="com.wecash.http.cases.user"/>
  <testcase name="userGetAllInfo" time="0.665" classname="com.wecash.http.cases.user"/>
  <testcase name="userGetAllInfo" time="0.432" classname="com.wecash.http.cases.user"/>
  <testcase name="userGetAllInfo" time="0.565" classname="com.wecash.http.cases.user"/>
  <testcase name="userGetAllInfo" time="6.361" classname="com.wecash.http.cases.user"/>
  <testcase name="userGetAllInfo" time="0.579" classname="com.wecash.http.cases.user"/>
  <testcase name="userGetAllInfo" time="0.447" classname="com.wecash.http.cases.user"/>
  <testcase name="userGetAllInfo" time="0.528" classname="com.wecash.http.cases.user"/>
  <testcase name="userGetAllInfo" time="0.511" classname="com.wecash.http.cases.user"/>
  <testcase name="userGetAllInfo" time="0.639" classname="com.wecash.http.cases.user"/>
  <testcase name="userGetAllInfo" time="0.497" classname="com.wecash.http.cases.user"/>
  <testcase name="userGetAllInfo" time="0.442" classname="com.wecash.http.cases.user"/>
  <testcase name="userGetAllInfo" time="1.789" classname="com.wecash.http.cases.user"/>
  <testcase name="userGetAllInfo" time="14.116" classname="com.wecash.http.cases.user"/>
  <testcase name="userGetAllInfo" time="0.534" classname="com.wecash.http.cases.user"/>
  <testcase name="userGetAllInfo" time="0.469" classname="com.wecash.http.cases.user"/>
  <testcase name="userGetAllInfo" time="1.386" classname="com.wecash.http.cases.user"/>
  <testcase name="userGetAllInfo" time="0.428" classname="com.wecash.http.cases.user"/>
  <testcase name="userGetAllInfo" time="1.562" classname="com.wecash.http.cases.user"/>
  <testcase name="userGetAllInfo" time="0.857" classname="com.wecash.http.cases.user"/>
  <testcase name="userGetAllInfo" time="0.438" classname="com.wecash.http.cases.user"/>
  <testcase name="userGetAllInfo" time="0.543" classname="com.wecash.http.cases.user"/>
  <testcase name="userGetAllInfo" time="0.434" classname="com.wecash.http.cases.user"/>
  <testcase name="userGetAllInfo" time="0.460" classname="com.wecash.http.cases.user"/>
  <testcase name="userGetAllInfo" time="0.478" classname="com.wecash.http.cases.user"/>
  <testcase name="userGetAllInfo" time="0.437" classname="com.wecash.http.cases.user"/>
  <testcase name="userGetAllInfo" time="0.463" classname="com.wecash.http.cases.user"/>
  <testcase name="userGetAllInfo" time="0.425" classname="com.wecash.http.cases.user"/>
  <testcase name="userGetAllInfo" time="0.433" classname="com.wecash.http.cases.user"/>
  <testcase name="userGetAllInfo" time="5.581" classname="com.wecash.http.cases.user"/>
  <testcase name="userGetAllInfo" time="0.490" classname="com.wecash.http.cases.user"/>
  <testcase name="userGetAllInfo" time="0.446" classname="com.wecash.http.cases.user"/>
  <testcase name="userGetAllInfo" time="0.467" classname="com.wecash.http.cases.user"/>
  <testcase name="userGetAllInfo" time="0.420" classname="com.wecash.http.cases.user"/>
  <testcase name="userGetAllInfo" time="0.577" classname="com.wecash.http.cases.user"/>
  <testcase name="userGetAllInfo" time="0.492" classname="com.wecash.http.cases.user"/>
  <testcase name="userGetAllInfo" time="0.601" classname="com.wecash.http.cases.user"/>
  <testcase name="userGetAllInfo" time="0.472" classname="com.wecash.http.cases.user"/>
  <testcase name="userGetAllInfo" time="0.434" classname="com.wecash.http.cases.user"/>
  <testcase name="userGetAllInfo" time="0.462" classname="com.wecash.http.cases.user"/>
  <testcase name="userGetAllInfo" time="1.715" classname="com.wecash.http.cases.user"/>
  <testcase name="userGetAllInfo" time="0.454" classname="com.wecash.http.cases.user"/>
  <testcase name="userGetAllInfo" time="0.447" classname="com.wecash.http.cases.user"/>
  <testcase name="userGetAllInfo" time="0.446" classname="com.wecash.http.cases.user"/>
  <testcase name="userGetAllInfo" time="0.439" classname="com.wecash.http.cases.user"/>
  <testcase name="userGetAllInfo" time="0.481" classname="com.wecash.http.cases.user"/>
  <testcase name="userGetAllInfo" time="1.392" classname="com.wecash.http.cases.user"/>
  <testcase name="userGetAllInfo" time="0.432" classname="com.wecash.http.cases.user"/>
  <testcase name="userGetAllInfo" time="0.545" classname="com.wecash.http.cases.user"/>
  <testcase name="userGetAllInfo" time="0.480" classname="com.wecash.http.cases.user"/>
  <testcase name="userGetAllInfo" time="0.503" classname="com.wecash.http.cases.user"/>
  <testcase name="userGetAllInfo" time="1.557" classname="com.wecash.http.cases.user"/>
  <testcase name="userGetAllInfo" time="0.588" classname="com.wecash.http.cases.user"/>
  <testcase name="userGetAllInfo" time="1.573" classname="com.wecash.http.cases.user"/>
  <testcase name="userGetAllInfo" time="0.497" classname="com.wecash.http.cases.user"/>
  <testcase name="userGetAllInfo" time="0.619" classname="com.wecash.http.cases.user"/>
  <testcase name="userGetAllInfo" time="0.449" classname="com.wecash.http.cases.user"/>
  <testcase name="userGetAllInfo" time="0.432" classname="com.wecash.http.cases.user"/>
  <testcase name="userGetAllInfo" time="3.523" classname="com.wecash.http.cases.user"/>
  <testcase name="userGetAllInfo" time="0.422" classname="com.wecash.http.cases.user"/>
  <testcase name="userGetAllInfo" time="0.461" classname="com.wecash.http.cases.user"/>
  <testcase name="userGetAllInfo" time="0.430" classname="com.wecash.http.cases.user"/>
  <testcase name="userGetAllInfo" time="0.424" classname="com.wecash.http.cases.user"/>
  <testcase name="userGetAllInfo" time="2.136" classname="com.wecash.http.cases.user"/>
  <testcase name="userGetAllInfo" time="0.447" classname="com.wecash.http.cases.user"/>
  <testcase name="userGetAllInfo" time="0.446" classname="com.wecash.http.cases.user"/>
  <testcase name="userGetAllInfo" time="0.446" classname="com.wecash.http.cases.user"/>
  <testcase name="userGetAllInfo" time="0.513" classname="com.wecash.http.cases.user"/>
  <testcase name="userGetAllInfo" time="0.532" classname="com.wecash.http.cases.user"/>
  <testcase name="userGetAllInfo" time="0.512" classname="com.wecash.http.cases.user"/>
  <testcase name="userGetAllInfo" time="0.450" classname="com.wecash.http.cases.user"/>
  <testcase name="userGetAllInfo" time="0.698" classname="com.wecash.http.cases.user"/>
  <testcase name="userGetAllInfo" time="0.447" classname="com.wecash.http.cases.user"/>
  <testcase name="userGetAllInfo" time="0.433" classname="com.wecash.http.cases.user"/>
  <testcase name="userGetAllInfo" time="0.609" classname="com.wecash.http.cases.user"/>
  <testcase name="userGetAllInfo" time="0.540" classname="com.wecash.http.cases.user"/>
  <testcase name="userGetAllInfo" time="0.818" classname="com.wecash.http.cases.user"/>
  <testcase name="userGetAllInfo" time="0.445" classname="com.wecash.http.cases.user"/>
  <testcase name="userGetAllInfo" time="0.436" classname="com.wecash.http.cases.user"/>
  <testcase name="userGetAllInfo" time="0.461" classname="com.wecash.http.cases.user"/>
  <testcase name="userGetAllInfo" time="0.473" classname="com.wecash.http.cases.user"/>
  <testcase name="userGetAllInfo" time="0.422" classname="com.wecash.http.cases.user"/>
  <testcase name="userGetAllInfo" time="1.480" classname="com.wecash.http.cases.user"/>
  <testcase name="userGetAllInfo" time="0.504" classname="com.wecash.http.cases.user"/>
  <testcase name="userGetAllInfo" time="0.449" classname="com.wecash.http.cases.user"/>
  <testcase name="userGetAllInfo" time="10.319" classname="com.wecash.http.cases.user"/>
  <testcase name="userGetAllInfo" time="0.434" classname="com.wecash.http.cases.user"/>
  <testcase name="userGetAllInfo" time="4.708" classname="com.wecash.http.cases.user"/>
  <testcase name="userGetAllInfo" time="0.529" classname="com.wecash.http.cases.user"/>
  <testcase name="userGetAllInfo" time="0.568" classname="com.wecash.http.cases.user"/>
  <testcase name="userGetAllInfo" time="0.435" classname="com.wecash.http.cases.user"/>
  <testcase name="userGetAllInfo" time="0.449" classname="com.wecash.http.cases.user"/>
  <testcase name="userGetAllInfo" time="3.259" classname="com.wecash.http.cases.user"/>
  <testcase name="userGetAllInfo" time="0.444" classname="com.wecash.http.cases.user"/>
  <testcase name="userGetAllInfo" time="0.451" classname="com.wecash.http.cases.user"/>
  <testcase name="userGetAllInfo" time="0.465" classname="com.wecash.http.cases.user"/>
  <testcase name="userGetAllInfo" time="0.463" classname="com.wecash.http.cases.user"/>
  <testcase name="userGetAllInfo" time="29.051" classname="com.wecash.http.cases.user"/>
  <testcase name="userGetAllInfo" time="0.441" classname="com.wecash.http.cases.user"/>
  <testcase name="userGetAllInfo" time="1.414" classname="com.wecash.http.cases.user"/>
  <testcase name="userGetAllInfo" time="0.445" classname="com.wecash.http.cases.user"/>
  <testcase name="userGetAllInfo" time="12.696" classname="com.wecash.http.cases.user"/>
  <testcase name="userGetAllInfo" time="0.464" classname="com.wecash.http.cases.user"/>
  <testcase name="userGetAllInfo" time="0.506" classname="com.wecash.http.cases.user"/>
  <testcase name="userGetAllInfo" time="1.633" classname="com.wecash.http.cases.user"/>
  <testcase name="userGetAllInfo" time="0.533" classname="com.wecash.http.cases.user"/>
  <testcase name="userGetAllInfo" time="0.448" classname="com.wecash.http.cases.user"/>
  <testcase name="userGetAllInfo" time="0.436" classname="com.wecash.http.cases.user"/>
  <testcase name="userGetAllInfo" time="0.556" classname="com.wecash.http.cases.user"/>
  <testcase name="userGetAllInfo" time="0.553" classname="com.wecash.http.cases.user"/>
  <testcase name="userGetAllInfo" time="0.438" classname="com.wecash.http.cases.user"/>
  <testcase name="userGetAllInfo" time="0.491" classname="com.wecash.http.cases.user"/>
  <testcase name="userGetAllInfo" time="0.589" classname="com.wecash.http.cases.user"/>
  <testcase name="userGetAllInfo" time="0.458" classname="com.wecash.http.cases.user"/>
  <testcase name="userGetAllInfo" time="0.418" classname="com.wecash.http.cases.user"/>
</testsuite> <!-- com.wecash.http.cases.user -->
