<?xml version="1.0" encoding="UTF-8"?>
<!-- Generated by org.testng.reporters.JUnitReportReporter -->
<testsuite skipped="0" hostname="DESKTOP-NVUIMMA" name="com.wecash.http.cases.userQueryLimit" tests="32" failures="0" timestamp="13 四月 2020 09:58:37 GMT" time="82.086" errors="0">
  <testcase name="GetInfoLimit" time="0.539" classname="com.wecash.http.cases.userQueryLimit"/>
  <testcase name="GetInfoLimit" time="0.479" classname="com.wecash.http.cases.userQueryLimit"/>
  <testcase name="GetInfoLimit" time="0.471" classname="com.wecash.http.cases.userQueryLimit"/>
  <testcase name="GetInfoLimit" time="0.484" classname="com.wecash.http.cases.userQueryLimit"/>
  <testcase name="GetInfoLimit" time="0.525" classname="com.wecash.http.cases.userQueryLimit"/>
  <testcase name="GetInfoLimit" time="0.507" classname="com.wecash.http.cases.userQueryLimit"/>
  <testcase name="GetInfoLimit" time="0.450" classname="com.wecash.http.cases.userQueryLimit"/>
  <testcase name="GetInfoLimit" time="0.487" classname="com.wecash.http.cases.userQueryLimit"/>
  <testcase name="GetInfoLimit" time="0.439" classname="com.wecash.http.cases.userQueryLimit"/>
  <testcase name="GetInfoLimit" time="0.455" classname="com.wecash.http.cases.userQueryLimit"/>
  <testcase name="GetInfoLimit" time="0.485" classname="com.wecash.http.cases.userQueryLimit"/>
  <testcase name="GetInfoLimit" time="0.499" classname="com.wecash.http.cases.userQueryLimit"/>
  <testcase name="GetInfoLimit" time="0.479" classname="com.wecash.http.cases.userQueryLimit"/>
  <testcase name="GetInfoLimit" time="0.471" classname="com.wecash.http.cases.userQueryLimit"/>
  <testcase name="GetInfoLimit" time="0.468" classname="com.wecash.http.cases.userQueryLimit"/>
  <testcase name="GetInfoLimit" time="0.466" classname="com.wecash.http.cases.userQueryLimit"/>
  <testcase name="GetInfoLimit" time="0.450" classname="com.wecash.http.cases.userQueryLimit"/>
  <testcase name="GetInfoLimit" time="0.460" classname="com.wecash.http.cases.userQueryLimit"/>
  <testcase name="GetInfoLimit" time="0.512" classname="com.wecash.http.cases.userQueryLimit"/>
  <testcase name="GetInfoLimit" time="0.450" classname="com.wecash.http.cases.userQueryLimit"/>
  <testcase name="GetInfoLimit" time="0.441" classname="com.wecash.http.cases.userQueryLimit"/>
  <testcase name="GetInfoLimit" time="0.461" classname="com.wecash.http.cases.userQueryLimit"/>
  <testcase name="GetInfoLimit" time="0.499" classname="com.wecash.http.cases.userQueryLimit"/>
  <testcase name="GetInfoLimit" time="0.528" classname="com.wecash.http.cases.userQueryLimit"/>
  <testcase name="GetInfoLimit" time="0.490" classname="com.wecash.http.cases.userQueryLimit"/>
  <testcase name="GetInfoLimit" time="0.450" classname="com.wecash.http.cases.userQueryLimit"/>
  <testcase name="GetInfoLimit" time="0.505" classname="com.wecash.http.cases.userQueryLimit"/>
  <testcase name="GetInfoLimit" time="0.484" classname="com.wecash.http.cases.userQueryLimit"/>
  <testcase name="GetInfoLimit" time="0.456" classname="com.wecash.http.cases.userQueryLimit"/>
  <testcase name="GetInfoLimit" time="0.528" classname="com.wecash.http.cases.userQueryLimit"/>
  <testcase name="GetInfoLimit" time="67.183" classname="com.wecash.http.cases.userQueryLimit"/>
  <testcase name="GetInfoLimit" time="0.485" classname="com.wecash.http.cases.userQueryLimit"/>
</testsuite> <!-- com.wecash.http.cases.userQueryLimit -->
