<?xml version="1.0" encoding="UTF-8"?>
<!-- Generated by org.testng.reporters.JUnitReportReporter -->
<testsuite skipped="0" hostname="DESKTOP-NVUIMMA" name="com.wecash.http.cases.userQueryUserInfoByUserId" tests="19" failures="0" timestamp="14 四月 2020 10:46:03 GMT" time="53.206" errors="0">
  <testcase name="GetInfoByUserId" time="0.660" classname="com.wecash.http.cases.userQueryUserInfoByUserId"/>
  <testcase name="GetInfoByUserId" time="0.631" classname="com.wecash.http.cases.userQueryUserInfoByUserId"/>
  <testcase name="GetInfoByUserId" time="0.709" classname="com.wecash.http.cases.userQueryUserInfoByUserId"/>
  <testcase name="GetInfoByUserId" time="0.760" classname="com.wecash.http.cases.userQueryUserInfoByUserId"/>
  <testcase name="GetInfoByUserId" time="0.714" classname="com.wecash.http.cases.userQueryUserInfoByUserId"/>
  <testcase name="GetInfoByUserId" time="0.600" classname="com.wecash.http.cases.userQueryUserInfoByUserId"/>
  <testcase name="GetInfoByUserId" time="0.587" classname="com.wecash.http.cases.userQueryUserInfoByUserId"/>
  <testcase name="GetInfoByUserId" time="0.605" classname="com.wecash.http.cases.userQueryUserInfoByUserId"/>
  <testcase name="GetInfoByUserId" time="0.604" classname="com.wecash.http.cases.userQueryUserInfoByUserId"/>
  <testcase name="GetInfoByUserId" time="41.635" classname="com.wecash.http.cases.userQueryUserInfoByUserId"/>
  <testcase name="GetInfoByUserId" time="0.613" classname="com.wecash.http.cases.userQueryUserInfoByUserId"/>
  <testcase name="GetInfoByUserId" time="0.588" classname="com.wecash.http.cases.userQueryUserInfoByUserId"/>
  <testcase name="GetInfoByUserId" time="0.599" classname="com.wecash.http.cases.userQueryUserInfoByUserId"/>
  <testcase name="GetInfoByUserId" time="0.635" classname="com.wecash.http.cases.userQueryUserInfoByUserId"/>
  <testcase name="GetInfoByUserId" time="0.639" classname="com.wecash.http.cases.userQueryUserInfoByUserId"/>
  <testcase name="GetInfoByUserId" time="0.664" classname="com.wecash.http.cases.userQueryUserInfoByUserId"/>
  <testcase name="GetInfoByUserId" time="0.662" classname="com.wecash.http.cases.userQueryUserInfoByUserId"/>
  <testcase name="GetInfoByUserId" time="0.614" classname="com.wecash.http.cases.userQueryUserInfoByUserId"/>
  <testcase name="GetInfoByUserId" time="0.687" classname="com.wecash.http.cases.userQueryUserInfoByUserId"/>
</testsuite> <!-- com.wecash.http.cases.userQueryUserInfoByUserId -->
