<?xml version="1.0" encoding="UTF-8"?>
<!-- Generated by org.testng.reporters.JUnitReportReporter -->
<testsuite skipped="0" hostname="DESKTOP-NVUIMMA" name="com.wecash.http.cases.userQueryLimitMdById" tests="6" failures="0" timestamp="14 四月 2020 10:41:57 GMT" time="40.328" errors="0">
  <testcase name="GetInfoLimitById" time="0.617" classname="com.wecash.http.cases.userQueryLimitMdById"/>
  <testcase name="GetInfoLimitById" time="0.569" classname="com.wecash.http.cases.userQueryLimitMdById"/>
  <testcase name="GetInfoLimitById" time="0.558" classname="com.wecash.http.cases.userQueryLimitMdById"/>
  <testcase name="GetInfoLimitById" time="0.627" classname="com.wecash.http.cases.userQueryLimitMdById"/>
  <testcase name="GetInfoLimitById" time="0.602" classname="com.wecash.http.cases.userQueryLimitMdById"/>
  <testcase name="GetInfoLimitById" time="37.355" classname="com.wecash.http.cases.userQueryLimitMdById"/>
</testsuite> <!-- com.wecash.http.cases.userQueryLimitMdById -->
