<?xml version="1.0" encoding="UTF-8"?>
<!-- Generated by org.testng.reporters.JUnitReportReporter -->
<testsuite skipped="0" hostname="DESKTOP-NVUIMMA" name="com.wecash.http.cases.userModify" tests="17" failures="0" timestamp="13 四月 2020 05:53:59 GMT" time="83.940" errors="0">
  <testcase name="userInfoModify" time="5.209" classname="com.wecash.http.cases.userModify"/>
  <testcase name="userInfoModify" time="0.439" classname="com.wecash.http.cases.userModify"/>
  <testcase name="userInfoModify" time="51.773" classname="com.wecash.http.cases.userModify"/>
  <testcase name="userInfoModify" time="5.660" classname="com.wecash.http.cases.userModify"/>
  <testcase name="userInfoModify" time="0.478" classname="com.wecash.http.cases.userModify"/>
  <testcase name="userInfoModify" time="0.509" classname="com.wecash.http.cases.userModify"/>
  <testcase name="userInfoModify" time="5.476" classname="com.wecash.http.cases.userModify"/>
  <testcase name="userInfoModify" time="0.459" classname="com.wecash.http.cases.userModify"/>
  <testcase name="userInfoModify" time="5.221" classname="com.wecash.http.cases.userModify"/>
  <testcase name="userInfoModify" time="0.464" classname="com.wecash.http.cases.userModify"/>
  <testcase name="userInfoModify" time="0.463" classname="com.wecash.http.cases.userModify"/>
  <testcase name="userInfoModify" time="0.525" classname="com.wecash.http.cases.userModify"/>
  <testcase name="userInfoModify" time="0.533" classname="com.wecash.http.cases.userModify"/>
  <testcase name="userInfoModify" time="0.490" classname="com.wecash.http.cases.userModify"/>
  <testcase name="userInfoModify" time="0.463" classname="com.wecash.http.cases.userModify"/>
  <testcase name="userInfoModify" time="0.491" classname="com.wecash.http.cases.userModify"/>
  <testcase name="userInfoModify" time="5.287" classname="com.wecash.http.cases.userModify"/>
</testsuite> <!-- com.wecash.http.cases.userModify -->
