<?xml version="1.0" encoding="UTF-8"?>
<!-- Generated by org.testng.reporters.JUnitReportReporter -->
<testsuite skipped="0" hostname="DESKTOP-NVUIMMA" name="com.wecash.http.cases.CashAccountQueryById" tests="6" failures="0" timestamp="15 四月 2020 14:32:53 GMT" time="5.897" errors="0">
  <testcase name="QueryAccountById" time="0.542" classname="com.wecash.http.cases.CashAccountQueryById"/>
  <testcase name="QueryAccountById" time="0.510" classname="com.wecash.http.cases.CashAccountQueryById"/>
  <testcase name="QueryAccountById" time="3.463" classname="com.wecash.http.cases.CashAccountQueryById"/>
  <testcase name="QueryAccountById" time="0.466" classname="com.wecash.http.cases.CashAccountQueryById"/>
  <testcase name="QueryAccountById" time="0.445" classname="com.wecash.http.cases.CashAccountQueryById"/>
  <testcase name="QueryAccountById" time="0.471" classname="com.wecash.http.cases.CashAccountQueryById"/>
</testsuite> <!-- com.wecash.http.cases.CashAccountQueryById -->
