<?xml version="1.0" encoding="UTF-8"?>
<!-- Generated by org.testng.reporters.JUnitReportReporter -->
<testsuite skipped="0" hostname="DESKTOP-NVUIMMA" name="com.wecash.http.cases.userBatchQueryIdByMobileMd" tests="9" failures="0" timestamp="14 四月 2020 10:10:42 GMT" time="206.244" errors="0">
  <testcase name="userBatchQueryMobileMd" time="0.485" classname="com.wecash.http.cases.userBatchQueryIdByMobileMd"/>
  <testcase name="userBatchQueryMobileMd" time="0.484" classname="com.wecash.http.cases.userBatchQueryIdByMobileMd"/>
  <testcase name="userBatchQueryMobileMd" time="0.570" classname="com.wecash.http.cases.userBatchQueryIdByMobileMd"/>
  <testcase name="userBatchQueryMobileMd" time="27.890" classname="com.wecash.http.cases.userBatchQueryIdByMobileMd"/>
  <testcase name="userBatchQueryMobileMd" time="59.474" classname="com.wecash.http.cases.userBatchQueryIdByMobileMd"/>
  <testcase name="userBatchQueryMobileMd" time="0.547" classname="com.wecash.http.cases.userBatchQueryIdByMobileMd"/>
  <testcase name="userBatchQueryMobileMd" time="0.504" classname="com.wecash.http.cases.userBatchQueryIdByMobileMd"/>
  <testcase name="userBatchQueryMobileMd" time="55.053" classname="com.wecash.http.cases.userBatchQueryIdByMobileMd"/>
  <testcase name="userBatchQueryMobileMd" time="61.237" classname="com.wecash.http.cases.userBatchQueryIdByMobileMd"/>
</testsuite> <!-- com.wecash.http.cases.userBatchQueryIdByMobileMd -->
