<?xml version="1.0" encoding="UTF-8"?>
<!-- Generated by org.testng.reporters.JUnitReportReporter -->
<testsuite skipped="0" hostname="DESKTOP-NVUIMMA" name="com.wecash.http.cases.userBatchQueryByIdMobileMd" tests="1" failures="0" timestamp="09 四月 2020 14:56:30 GMT" time="0.000" errors="1">
  <testcase name="userBatchQueryMobileMd" time="0.000" classname="com.wecash.http.cases.userBatchQueryByIdMobileMd">
    <error type="org.testng.TestNGException" message="
Method public void com.wecash.http.cases.userBatchQueryByIdMobileMd.userBatchQueryMobileMd(java.util.Map) requires a @DataProvider named : userBatchQueryMobileMd in class com.wecash.http.common.BaseProvider">
      <![CDATA[org.testng.TestNGException: 
Method public void com.wecash.http.cases.userBatchQueryByIdMobileMd.userBatchQueryMobileMd(java.util.Map) requires a @DataProvider named : userBatchQueryMobileMd in class com.wecash.http.common.BaseProvider
at org.testng.internal.Parameters.findDataProvider(Parameters.java:513)
at org.testng.internal.Parameters.handleParameters(Parameters.java:691)
at org.testng.internal.ParameterHandler.handleParameters(ParameterHandler.java:49)
at org.testng.internal.ParameterHandler.createParameters(ParameterHandler.java:37)
at org.testng.internal.Invoker.invokeTestMethods(Invoker.java:924)
at org.testng.internal.TestMethodWorker.invokeTestMethods(TestMethodWorker.java:125)
at org.testng.internal.TestMethodWorker.run(TestMethodWorker.java:109)
at org.testng.TestRunner.privateRun(TestRunner.java:648)
at org.testng.TestRunner.run(TestRunner.java:505)
at org.testng.SuiteRunner.runTest(SuiteRunner.java:455)
at org.testng.SuiteRunner.runSequentially(SuiteRunner.java:450)
at org.testng.SuiteRunner.privateRun(SuiteRunner.java:415)
at org.testng.SuiteRunner.run(SuiteRunner.java:364)
at org.testng.SuiteRunnerWorker.runSuite(SuiteRunnerWorker.java:52)
at org.testng.SuiteRunnerWorker.run(SuiteRunnerWorker.java:84)
at org.testng.TestNG.runSuitesSequentially(TestNG.java:1208)
at org.testng.TestNG.runSuitesLocally(TestNG.java:1137)
at org.testng.TestNG.runSuites(TestNG.java:1049)
at org.testng.TestNG.run(TestNG.java:1017)
at org.testng.remote.AbstractRemoteTestNG.run(AbstractRemoteTestNG.java:115)
at org.testng.remote.RemoteTestNG.initAndRun(RemoteTestNG.java:251)
at org.testng.remote.RemoteTestNG.main(RemoteTestNG.java:77)
]]>
    </error>
  </testcase> <!-- userBatchQueryMobileMd -->
</testsuite> <!-- com.wecash.http.cases.userBatchQueryByIdMobileMd -->
