<?xml version="1.0" encoding="UTF-8"?>
<!-- Generated by org.testng.reporters.JUnitReportReporter -->
<testsuite skipped="0" hostname="DESKTOP-NVUIMMA" name="com.wecash.http.cases.GrantGetByType" tests="11" failures="0" timestamp="16 四月 2020 09:30:01 GMT" time="265.571" errors="0">
  <testcase name="GetGrantByType" time="0.479" classname="com.wecash.http.cases.GrantGetByType"/>
  <testcase name="GetGrantByType" time="52.023" classname="com.wecash.http.cases.GrantGetByType"/>
  <testcase name="GetGrantByType" time="61.504" classname="com.wecash.http.cases.GrantGetByType"/>
  <testcase name="GetGrantByType" time="0.435" classname="com.wecash.http.cases.GrantGetByType"/>
  <testcase name="GetGrantByType" time="50.679" classname="com.wecash.http.cases.GrantGetByType"/>
  <testcase name="GetGrantByType" time="49.459" classname="com.wecash.http.cases.GrantGetByType"/>
  <testcase name="GetGrantByType" time="0.488" classname="com.wecash.http.cases.GrantGetByType"/>
  <testcase name="GetGrantByType" time="0.494" classname="com.wecash.http.cases.GrantGetByType"/>
  <testcase name="GetGrantByType" time="49.145" classname="com.wecash.http.cases.GrantGetByType"/>
  <testcase name="GetGrantByType" time="0.431" classname="com.wecash.http.cases.GrantGetByType"/>
  <testcase name="GetGrantByType" time="0.434" classname="com.wecash.http.cases.GrantGetByType"/>
</testsuite> <!-- com.wecash.http.cases.GrantGetByType -->
