<?xml version="1.0" encoding="UTF-8"?>
<!-- Generated by org.testng.reporters.JUnitReportReporter -->
<testsuite skipped="0" hostname="DESKTOP-NVUIMMA" name="com.wecash.http.cases.userQueryById" tests="18" failures="0" timestamp="13 四月 2020 05:41:15 GMT" time="58.610" errors="0">
  <testcase name="GetInfoById" time="0.498" classname="com.wecash.http.cases.userQueryById"/>
  <testcase name="GetInfoById" time="0.442" classname="com.wecash.http.cases.userQueryById"/>
  <testcase name="GetInfoById" time="0.448" classname="com.wecash.http.cases.userQueryById"/>
  <testcase name="GetInfoById" time="0.453" classname="com.wecash.http.cases.userQueryById"/>
  <testcase name="GetInfoById" time="0.776" classname="com.wecash.http.cases.userQueryById"/>
  <testcase name="GetInfoById" time="0.542" classname="com.wecash.http.cases.userQueryById"/>
  <testcase name="GetInfoById" time="0.454" classname="com.wecash.http.cases.userQueryById"/>
  <testcase name="GetInfoById" time="0.507" classname="com.wecash.http.cases.userQueryById"/>
  <testcase name="GetInfoById" time="0.471" classname="com.wecash.http.cases.userQueryById"/>
  <testcase name="GetInfoById" time="0.466" classname="com.wecash.http.cases.userQueryById"/>
  <testcase name="GetInfoById" time="0.483" classname="com.wecash.http.cases.userQueryById"/>
  <testcase name="GetInfoById" time="0.720" classname="com.wecash.http.cases.userQueryById"/>
  <testcase name="GetInfoById" time="0.509" classname="com.wecash.http.cases.userQueryById"/>
  <testcase name="GetInfoById" time="0.455" classname="com.wecash.http.cases.userQueryById"/>
  <testcase name="GetInfoById" time="0.620" classname="com.wecash.http.cases.userQueryById"/>
  <testcase name="GetInfoById" time="0.536" classname="com.wecash.http.cases.userQueryById"/>
  <testcase name="GetInfoById" time="49.764" classname="com.wecash.http.cases.userQueryById"/>
  <testcase name="GetInfoById" time="0.466" classname="com.wecash.http.cases.userQueryById"/>
</testsuite> <!-- com.wecash.http.cases.userQueryById -->
