<?xml version="1.0" encoding="UTF-8"?>
<!-- Generated by org.testng.reporters.JUnitReportReporter -->
<testsuite skipped="0" hostname="DESKTOP-NVUIMMA" name="com.wecash.http.cases.userQueryById" tests="18" failures="0" timestamp="14 四月 2020 10:31:04 GMT" time="85.796" errors="0">
  <testcase name="GetInfoById" time="0.577" classname="com.wecash.http.cases.userQueryById"/>
  <testcase name="GetInfoById" time="0.675" classname="com.wecash.http.cases.userQueryById"/>
  <testcase name="GetInfoById" time="0.672" classname="com.wecash.http.cases.userQueryById"/>
  <testcase name="GetInfoById" time="0.550" classname="com.wecash.http.cases.userQueryById"/>
  <testcase name="GetInfoById" time="75.863" classname="com.wecash.http.cases.userQueryById"/>
  <testcase name="GetInfoById" time="0.527" classname="com.wecash.http.cases.userQueryById"/>
  <testcase name="GetInfoById" time="0.580" classname="com.wecash.http.cases.userQueryById"/>
  <testcase name="GetInfoById" time="0.535" classname="com.wecash.http.cases.userQueryById"/>
  <testcase name="GetInfoById" time="0.568" classname="com.wecash.http.cases.userQueryById"/>
  <testcase name="GetInfoById" time="0.649" classname="com.wecash.http.cases.userQueryById"/>
  <testcase name="GetInfoById" time="0.559" classname="com.wecash.http.cases.userQueryById"/>
  <testcase name="GetInfoById" time="0.600" classname="com.wecash.http.cases.userQueryById"/>
  <testcase name="GetInfoById" time="0.568" classname="com.wecash.http.cases.userQueryById"/>
  <testcase name="GetInfoById" time="0.580" classname="com.wecash.http.cases.userQueryById"/>
  <testcase name="GetInfoById" time="0.571" classname="com.wecash.http.cases.userQueryById"/>
  <testcase name="GetInfoById" time="0.569" classname="com.wecash.http.cases.userQueryById"/>
  <testcase name="GetInfoById" time="0.568" classname="com.wecash.http.cases.userQueryById"/>
  <testcase name="GetInfoById" time="0.585" classname="com.wecash.http.cases.userQueryById"/>
</testsuite> <!-- com.wecash.http.cases.userQueryById -->
