<?xml version="1.0" encoding="UTF-8"?>
<!-- Generated by org.testng.reporters.JUnitReportReporter -->
<testsuite skipped="0" hostname="DESKTOP-NVUIMMA" name="com.wecash.http.cases.identityGetInfo" tests="10" failures="0" timestamp="14 四月 2020 02:40:41 GMT" time="35.568" errors="0">
  <testcase name="idGetInfo" time="0.745" classname="com.wecash.http.cases.identityGetInfo"/>
  <testcase name="idGetInfo" time="0.491" classname="com.wecash.http.cases.identityGetInfo"/>
  <testcase name="idGetInfo" time="0.657" classname="com.wecash.http.cases.identityGetInfo"/>
  <testcase name="idGetInfo" time="0.485" classname="com.wecash.http.cases.identityGetInfo"/>
  <testcase name="idGetInfo" time="0.615" classname="com.wecash.http.cases.identityGetInfo"/>
  <testcase name="idGetInfo" time="0.488" classname="com.wecash.http.cases.identityGetInfo"/>
  <testcase name="idGetInfo" time="30.436" classname="com.wecash.http.cases.identityGetInfo"/>
  <testcase name="idGetInfo" time="0.585" classname="com.wecash.http.cases.identityGetInfo"/>
  <testcase name="idGetInfo" time="0.478" classname="com.wecash.http.cases.identityGetInfo"/>
  <testcase name="idGetInfo" time="0.588" classname="com.wecash.http.cases.identityGetInfo"/>
</testsuite> <!-- com.wecash.http.cases.identityGetInfo -->
