<?xml version="1.0" encoding="UTF-8"?>
<!-- Generated by org.testng.reporters.JUnitReportReporter -->
<testsuite skipped="0" hostname="DESKTOP-NVUIMMA" name="com.wecash.http.cases.userLogout" tests="17" failures="0" timestamp="15 四月 2020 14:03:01 GMT" time="520.106" errors="0">
  <testcase name="userInvalid" time="0.531" classname="com.wecash.http.cases.userLogout"/>
  <testcase name="userInvalid" time="106.462" classname="com.wecash.http.cases.userLogout"/>
  <testcase name="userInvalid" time="13.326" classname="com.wecash.http.cases.userLogout"/>
  <testcase name="userInvalid" time="112.706" classname="com.wecash.http.cases.userLogout"/>
  <testcase name="userInvalid" time="0.465" classname="com.wecash.http.cases.userLogout"/>
  <testcase name="userInvalid" time="0.453" classname="com.wecash.http.cases.userLogout"/>
  <testcase name="userInvalid" time="0.505" classname="com.wecash.http.cases.userLogout"/>
  <testcase name="userInvalid" time="0.592" classname="com.wecash.http.cases.userLogout"/>
  <testcase name="userInvalid" time="0.457" classname="com.wecash.http.cases.userLogout"/>
  <testcase name="userInvalid" time="0.486" classname="com.wecash.http.cases.userLogout"/>
  <testcase name="userInvalid" time="0.483" classname="com.wecash.http.cases.userLogout"/>
  <testcase name="userInvalid" time="0.460" classname="com.wecash.http.cases.userLogout"/>
  <testcase name="userInvalid" time="43.250" classname="com.wecash.http.cases.userLogout"/>
  <testcase name="userInvalid" time="101.331" classname="com.wecash.http.cases.userLogout"/>
  <testcase name="userInvalid" time="0.546" classname="com.wecash.http.cases.userLogout"/>
  <testcase name="userInvalid" time="137.618" classname="com.wecash.http.cases.userLogout"/>
  <testcase name="userInvalid" time="0.435" classname="com.wecash.http.cases.userLogout"/>
</testsuite> <!-- com.wecash.http.cases.userLogout -->
