<?xml version="1.0" encoding="UTF-8"?>
<!-- Generated by org.testng.reporters.JUnitReportReporter -->
<testsuite skipped="0" hostname="DESKTOP-NVUIMMA" name="com.wecash.http.cases.CashAccountCreate" tests="14" failures="0" timestamp="15 四月 2020 08:56:01 GMT" time="59.599" errors="0">
  <testcase name="CeateCashaccount" time="6.267" classname="com.wecash.http.cases.CashAccountCreate"/>
  <testcase name="CeateCashaccount" time="0.432" classname="com.wecash.http.cases.CashAccountCreate"/>
  <testcase name="CeateCashaccount" time="0.423" classname="com.wecash.http.cases.CashAccountCreate"/>
  <testcase name="CeateCashaccount" time="0.442" classname="com.wecash.http.cases.CashAccountCreate"/>
  <testcase name="CeateCashaccount" time="0.422" classname="com.wecash.http.cases.CashAccountCreate"/>
  <testcase name="CeateCashaccount" time="0.489" classname="com.wecash.http.cases.CashAccountCreate"/>
  <testcase name="CeateCashaccount" time="18.523" classname="com.wecash.http.cases.CashAccountCreate"/>
  <testcase name="CeateCashaccount" time="14.916" classname="com.wecash.http.cases.CashAccountCreate"/>
  <testcase name="CeateCashaccount" time="0.440" classname="com.wecash.http.cases.CashAccountCreate"/>
  <testcase name="CeateCashaccount" time="0.451" classname="com.wecash.http.cases.CashAccountCreate"/>
  <testcase name="CeateCashaccount" time="0.439" classname="com.wecash.http.cases.CashAccountCreate"/>
  <testcase name="CeateCashaccount" time="15.403" classname="com.wecash.http.cases.CashAccountCreate"/>
  <testcase name="CeateCashaccount" time="0.444" classname="com.wecash.http.cases.CashAccountCreate"/>
  <testcase name="CeateCashaccount" time="0.508" classname="com.wecash.http.cases.CashAccountCreate"/>
</testsuite> <!-- com.wecash.http.cases.CashAccountCreate -->
