<?xml version="1.0" encoding="UTF-8"?>
<!-- Generated by org.testng.reporters.JUnitReportReporter -->
<testsuite skipped="0" hostname="DESKTOP-NVUIMMA" name="com.wecash.http.cases.userQueryLimit" tests="32" failures="0" timestamp="14 四月 2020 10:37:32 GMT" time="135.727" errors="0">
  <testcase name="GetInfoLimit" time="0.701" classname="com.wecash.http.cases.userQueryLimit"/>
  <testcase name="GetInfoLimit" time="0.600" classname="com.wecash.http.cases.userQueryLimit"/>
  <testcase name="GetInfoLimit" time="0.613" classname="com.wecash.http.cases.userQueryLimit"/>
  <testcase name="GetInfoLimit" time="0.632" classname="com.wecash.http.cases.userQueryLimit"/>
  <testcase name="GetInfoLimit" time="0.605" classname="com.wecash.http.cases.userQueryLimit"/>
  <testcase name="GetInfoLimit" time="116.086" classname="com.wecash.http.cases.userQueryLimit"/>
  <testcase name="GetInfoLimit" time="0.671" classname="com.wecash.http.cases.userQueryLimit"/>
  <testcase name="GetInfoLimit" time="0.591" classname="com.wecash.http.cases.userQueryLimit"/>
  <testcase name="GetInfoLimit" time="0.635" classname="com.wecash.http.cases.userQueryLimit"/>
  <testcase name="GetInfoLimit" time="0.688" classname="com.wecash.http.cases.userQueryLimit"/>
  <testcase name="GetInfoLimit" time="0.599" classname="com.wecash.http.cases.userQueryLimit"/>
  <testcase name="GetInfoLimit" time="0.625" classname="com.wecash.http.cases.userQueryLimit"/>
  <testcase name="GetInfoLimit" time="0.717" classname="com.wecash.http.cases.userQueryLimit"/>
  <testcase name="GetInfoLimit" time="0.653" classname="com.wecash.http.cases.userQueryLimit"/>
  <testcase name="GetInfoLimit" time="0.598" classname="com.wecash.http.cases.userQueryLimit"/>
  <testcase name="GetInfoLimit" time="0.666" classname="com.wecash.http.cases.userQueryLimit"/>
  <testcase name="GetInfoLimit" time="0.618" classname="com.wecash.http.cases.userQueryLimit"/>
  <testcase name="GetInfoLimit" time="0.609" classname="com.wecash.http.cases.userQueryLimit"/>
  <testcase name="GetInfoLimit" time="0.686" classname="com.wecash.http.cases.userQueryLimit"/>
  <testcase name="GetInfoLimit" time="0.636" classname="com.wecash.http.cases.userQueryLimit"/>
  <testcase name="GetInfoLimit" time="0.652" classname="com.wecash.http.cases.userQueryLimit"/>
  <testcase name="GetInfoLimit" time="0.613" classname="com.wecash.http.cases.userQueryLimit"/>
  <testcase name="GetInfoLimit" time="0.554" classname="com.wecash.http.cases.userQueryLimit"/>
  <testcase name="GetInfoLimit" time="0.670" classname="com.wecash.http.cases.userQueryLimit"/>
  <testcase name="GetInfoLimit" time="0.625" classname="com.wecash.http.cases.userQueryLimit"/>
  <testcase name="GetInfoLimit" time="0.776" classname="com.wecash.http.cases.userQueryLimit"/>
  <testcase name="GetInfoLimit" time="0.568" classname="com.wecash.http.cases.userQueryLimit"/>
  <testcase name="GetInfoLimit" time="0.682" classname="com.wecash.http.cases.userQueryLimit"/>
  <testcase name="GetInfoLimit" time="0.613" classname="com.wecash.http.cases.userQueryLimit"/>
  <testcase name="GetInfoLimit" time="0.574" classname="com.wecash.http.cases.userQueryLimit"/>
  <testcase name="GetInfoLimit" time="0.596" classname="com.wecash.http.cases.userQueryLimit"/>
  <testcase name="GetInfoLimit" time="0.575" classname="com.wecash.http.cases.userQueryLimit"/>
</testsuite> <!-- com.wecash.http.cases.userQueryLimit -->
