<?xml version="1.0" encoding="UTF-8"?>
<!-- Generated by org.testng.reporters.JUnitReportReporter -->
<testsuite skipped="0" hostname="DESKTOP-NVUIMMA" name="com.wecash.http.cases.userCreate" tests="20" failures="0" timestamp="10 四月 2020 11:47:04 GMT" time="34.589" errors="0">
  <testcase name="userCeateInfo" time="0.447" classname="com.wecash.http.cases.userCreate"/>
  <testcase name="userCeateInfo" time="0.411" classname="com.wecash.http.cases.userCreate"/>
  <testcase name="userCeateInfo" time="1.648" classname="com.wecash.http.cases.userCreate"/>
  <testcase name="userCeateInfo" time="1.488" classname="com.wecash.http.cases.userCreate"/>
  <testcase name="userCeateInfo" time="1.478" classname="com.wecash.http.cases.userCreate"/>
  <testcase name="userCeateInfo" time="1.484" classname="com.wecash.http.cases.userCreate"/>
  <testcase name="userCeateInfo" time="1.691" classname="com.wecash.http.cases.userCreate"/>
  <testcase name="userCeateInfo" time="1.687" classname="com.wecash.http.cases.userCreate"/>
  <testcase name="userCeateInfo" time="1.701" classname="com.wecash.http.cases.userCreate"/>
  <testcase name="userCeateInfo" time="0.456" classname="com.wecash.http.cases.userCreate"/>
  <testcase name="userCeateInfo" time="0.437" classname="com.wecash.http.cases.userCreate"/>
  <testcase name="userCeateInfo" time="1.485" classname="com.wecash.http.cases.userCreate"/>
  <testcase name="userCeateInfo" time="1.519" classname="com.wecash.http.cases.userCreate"/>
  <testcase name="userCeateInfo" time="0.460" classname="com.wecash.http.cases.userCreate"/>
  <testcase name="userCeateInfo" time="0.424" classname="com.wecash.http.cases.userCreate"/>
  <testcase name="userCeateInfo" time="1.506" classname="com.wecash.http.cases.userCreate"/>
  <testcase name="userCeateInfo" time="1.498" classname="com.wecash.http.cases.userCreate"/>
  <testcase name="userCeateInfo" time="4.975" classname="com.wecash.http.cases.userCreate"/>
  <testcase name="userCeateInfo" time="0.426" classname="com.wecash.http.cases.userCreate"/>
  <testcase name="userCeateInfo" time="9.368" classname="com.wecash.http.cases.userCreate"/>
</testsuite> <!-- com.wecash.http.cases.userCreate -->
