<?xml version="1.0" encoding="UTF-8"?>
<!-- Generated by org.testng.reporters.JUnitReportReporter -->
<testsuite skipped="0" hostname="DESKTOP-NVUIMMA" name="com.wecash.http.cases.identityInvalid" tests="8" failures="0" timestamp="10 四月 2020 13:32:17 GMT" time="27.964" errors="0">
  <testcase name="idInvalid" time="0.502" classname="com.wecash.http.cases.identityInvalid"/>
  <testcase name="idInvalid" time="0.451" classname="com.wecash.http.cases.identityInvalid"/>
  <testcase name="idInvalid" time="0.440" classname="com.wecash.http.cases.identityInvalid"/>
  <testcase name="idInvalid" time="0.447" classname="com.wecash.http.cases.identityInvalid"/>
  <testcase name="idInvalid" time="0.456" classname="com.wecash.http.cases.identityInvalid"/>
  <testcase name="idInvalid" time="1.489" classname="com.wecash.http.cases.identityInvalid"/>
  <testcase name="idInvalid" time="23.737" classname="com.wecash.http.cases.identityInvalid"/>
  <testcase name="idInvalid" time="0.442" classname="com.wecash.http.cases.identityInvalid"/>
</testsuite> <!-- com.wecash.http.cases.identityInvalid -->
