<?xml version="1.0" encoding="UTF-8"?>
<!-- Generated by org.testng.reporters.JUnitReportReporter -->
<testsuite skipped="0" hostname="DESKTOP-NVUIMMA" name="com.wecash.http.cases.CashAccountModify" tests="12" failures="0" timestamp="15 四月 2020 10:11:34 GMT" time="26.021" errors="0">
  <testcase name="ModifyCashaccount" time="0.441" classname="com.wecash.http.cases.CashAccountModify"/>
  <testcase name="ModifyCashaccount" time="0.454" classname="com.wecash.http.cases.CashAccountModify"/>
  <testcase name="ModifyCashaccount" time="0.456" classname="com.wecash.http.cases.CashAccountModify"/>
  <testcase name="ModifyCashaccount" time="0.505" classname="com.wecash.http.cases.CashAccountModify"/>
  <testcase name="ModifyCashaccount" time="20.811" classname="com.wecash.http.cases.CashAccountModify"/>
  <testcase name="ModifyCashaccount" time="0.527" classname="com.wecash.http.cases.CashAccountModify"/>
  <testcase name="ModifyCashaccount" time="0.447" classname="com.wecash.http.cases.CashAccountModify"/>
  <testcase name="ModifyCashaccount" time="0.482" classname="com.wecash.http.cases.CashAccountModify"/>
  <testcase name="ModifyCashaccount" time="0.534" classname="com.wecash.http.cases.CashAccountModify"/>
  <testcase name="ModifyCashaccount" time="0.455" classname="com.wecash.http.cases.CashAccountModify"/>
  <testcase name="ModifyCashaccount" time="0.454" classname="com.wecash.http.cases.CashAccountModify"/>
  <testcase name="ModifyCashaccount" time="0.455" classname="com.wecash.http.cases.CashAccountModify"/>
</testsuite> <!-- com.wecash.http.cases.CashAccountModify -->
