<?xml version="1.0" encoding="UTF-8"?>
<!-- Generated by org.testng.reporters.JUnitReportReporter -->
<testsuite skipped="0" hostname="DESKTOP-NVUIMMA" name="com.wecash.http.cases.userQueryUserInfoByUserId" tests="19" failures="0" timestamp="15 四月 2020 15:57:56 GMT" time="789.269" errors="0">
  <testcase name="GetInfoByUserId" time="0.527" classname="com.wecash.http.cases.userQueryUserInfoByUserId"/>
  <testcase name="GetInfoByUserId" time="55.865" classname="com.wecash.http.cases.userQueryUserInfoByUserId"/>
  <testcase name="GetInfoByUserId" time="58.987" classname="com.wecash.http.cases.userQueryUserInfoByUserId"/>
  <testcase name="GetInfoByUserId" time="54.067" classname="com.wecash.http.cases.userQueryUserInfoByUserId"/>
  <testcase name="GetInfoByUserId" time="0.450" classname="com.wecash.http.cases.userQueryUserInfoByUserId"/>
  <testcase name="GetInfoByUserId" time="50.135" classname="com.wecash.http.cases.userQueryUserInfoByUserId"/>
  <testcase name="GetInfoByUserId" time="58.765" classname="com.wecash.http.cases.userQueryUserInfoByUserId"/>
  <testcase name="GetInfoByUserId" time="60.309" classname="com.wecash.http.cases.userQueryUserInfoByUserId"/>
  <testcase name="GetInfoByUserId" time="0.470" classname="com.wecash.http.cases.userQueryUserInfoByUserId"/>
  <testcase name="GetInfoByUserId" time="58.037" classname="com.wecash.http.cases.userQueryUserInfoByUserId"/>
  <testcase name="GetInfoByUserId" time="67.707" classname="com.wecash.http.cases.userQueryUserInfoByUserId"/>
  <testcase name="GetInfoByUserId" time="50.453" classname="com.wecash.http.cases.userQueryUserInfoByUserId"/>
  <testcase name="GetInfoByUserId" time="50.935" classname="com.wecash.http.cases.userQueryUserInfoByUserId"/>
  <testcase name="GetInfoByUserId" time="55.483" classname="com.wecash.http.cases.userQueryUserInfoByUserId"/>
  <testcase name="GetInfoByUserId" time="54.864" classname="com.wecash.http.cases.userQueryUserInfoByUserId"/>
  <testcase name="GetInfoByUserId" time="54.635" classname="com.wecash.http.cases.userQueryUserInfoByUserId"/>
  <testcase name="GetInfoByUserId" time="56.292" classname="com.wecash.http.cases.userQueryUserInfoByUserId"/>
  <testcase name="GetInfoByUserId" time="0.441" classname="com.wecash.http.cases.userQueryUserInfoByUserId"/>
  <testcase name="GetInfoByUserId" time="0.847" classname="com.wecash.http.cases.userQueryUserInfoByUserId"/>
</testsuite> <!-- com.wecash.http.cases.userQueryUserInfoByUserId -->
