<?xml version="1.0" encoding="UTF-8"?>
<!-- Generated by org.testng.reporters.JUnitReportReporter -->
<testsuite skipped="0" hostname="DESKTOP-NVUIMMA" name="com.wecash.http.cases.GrantInvalid" tests="7" failures="0" timestamp="16 四月 2020 10:49:33 GMT" time="92.835" errors="0">
  <testcase name="InvalidGrantInfo" time="0.427" classname="com.wecash.http.cases.GrantInvalid"/>
  <testcase name="InvalidGrantInfo" time="0.462" classname="com.wecash.http.cases.GrantInvalid"/>
  <testcase name="InvalidGrantInfo" time="0.448" classname="com.wecash.http.cases.GrantInvalid"/>
  <testcase name="InvalidGrantInfo" time="0.424" classname="com.wecash.http.cases.GrantInvalid"/>
  <testcase name="InvalidGrantInfo" time="0.446" classname="com.wecash.http.cases.GrantInvalid"/>
  <testcase name="InvalidGrantInfo" time="0.474" classname="com.wecash.http.cases.GrantInvalid"/>
  <testcase name="InvalidGrantInfo" time="90.154" classname="com.wecash.http.cases.GrantInvalid"/>
</testsuite> <!-- com.wecash.http.cases.GrantInvalid -->
