<?xml version="1.0" encoding="UTF-8"?>
<!-- Generated by org.testng.reporters.JUnitReportReporter -->
<testsuite skipped="0" hostname="DESKTOP-NVUIMMA" name="com.wecash.http.cases.userBatchQueryIdByMobileMd" tests="9" failures="0" timestamp="09 四月 2020 15:05:28 GMT" time="7.566" errors="0">
  <testcase name="userBatchQueryMobileMd" time="0.563" classname="com.wecash.http.cases.userBatchQueryIdByMobileMd"/>
  <testcase name="userBatchQueryMobileMd" time="0.476" classname="com.wecash.http.cases.userBatchQueryIdByMobileMd"/>
  <testcase name="userBatchQueryMobileMd" time="0.453" classname="com.wecash.http.cases.userBatchQueryIdByMobileMd"/>
  <testcase name="userBatchQueryMobileMd" time="0.480" classname="com.wecash.http.cases.userBatchQueryIdByMobileMd"/>
  <testcase name="userBatchQueryMobileMd" time="3.739" classname="com.wecash.http.cases.userBatchQueryIdByMobileMd"/>
  <testcase name="userBatchQueryMobileMd" time="0.466" classname="com.wecash.http.cases.userBatchQueryIdByMobileMd"/>
  <testcase name="userBatchQueryMobileMd" time="0.446" classname="com.wecash.http.cases.userBatchQueryIdByMobileMd"/>
  <testcase name="userBatchQueryMobileMd" time="0.463" classname="com.wecash.http.cases.userBatchQueryIdByMobileMd"/>
  <testcase name="userBatchQueryMobileMd" time="0.480" classname="com.wecash.http.cases.userBatchQueryIdByMobileMd"/>
</testsuite> <!-- com.wecash.http.cases.userBatchQueryIdByMobileMd -->
