<?xml version="1.0" encoding="UTF-8"?>
<!-- Generated by org.testng.reporters.JUnitReportReporter -->
<testsuite skipped="0" hostname="DESKTOP-NVUIMMA" name="com.wecash.http.cases.GrantGetById" tests="8" failures="0" timestamp="16 四月 2020 08:09:05 GMT" time="152.357" errors="0">
  <testcase name="GetGrantInfo" time="0.441" classname="com.wecash.http.cases.GrantGetById"/>
  <testcase name="GetGrantInfo" time="0.450" classname="com.wecash.http.cases.GrantGetById"/>
  <testcase name="GetGrantInfo" time="0.455" classname="com.wecash.http.cases.GrantGetById"/>
  <testcase name="GetGrantInfo" time="0.438" classname="com.wecash.http.cases.GrantGetById"/>
  <testcase name="GetGrantInfo" time="75.001" classname="com.wecash.http.cases.GrantGetById"/>
  <testcase name="GetGrantInfo" time="0.471" classname="com.wecash.http.cases.GrantGetById"/>
  <testcase name="GetGrantInfo" time="0.465" classname="com.wecash.http.cases.GrantGetById"/>
  <testcase name="GetGrantInfo" time="74.636" classname="com.wecash.http.cases.GrantGetById"/>
</testsuite> <!-- com.wecash.http.cases.GrantGetById -->
