<?xml version="1.0" encoding="UTF-8"?>
<!-- Generated by org.testng.reporters.JUnitReportReporter -->
<testsuite skipped="0" hostname="DESKTOP-NVUIMMA" name="com.wecash.http.cases.CreateChannelOrder" tests="1" failures="0" timestamp="06 四月 2020 13:35:30 GMT" time="22.757" errors="1">
  <testcase name="createOrder" time="22.757" classname="com.wecash.http.cases.CreateChannelOrder">
    <error type="java.lang.NullPointerException">
      <![CDATA[java.lang.NullPointerException
at com.wecash.http.utils.HttpClientUtils.compareJsonAssert(HttpClientUtils.java:425)
at com.wecash.http.cases.CreateChannelOrder.createOrder(CreateChannelOrder.java:49)
at sun.reflect.NativeMethodAccessorImpl.invoke0(Native Method)
at sun.reflect.NativeMethodAccessorImpl.invoke(Unknown Source)
at sun.reflect.DelegatingMethodAccessorImpl.invoke(Unknown Source)
at java.lang.reflect.Method.invoke(Unknown Source)
at org.testng.internal.MethodInvocationHelper.invokeMethod(MethodInvocationHelper.java:124)
at org.testng.internal.Invoker.invokeMethod(Invoker.java:583)
at org.testng.internal.Invoker.invokeTestMethod(Invoker.java:719)
at org.testng.internal.Invoker.invokeTestMethods(Invoker.java:989)
at org.testng.internal.TestMethodWorker.invokeTestMethods(TestMethodWorker.java:125)
at org.testng.internal.TestMethodWorker.run(TestMethodWorker.java:109)
at java.util.concurrent.ThreadPoolExecutor.runWorker(Unknown Source)
at java.util.concurrent.ThreadPoolExecutor$Worker.run(Unknown Source)
at java.lang.Thread.run(Unknown Source)
]]>
    </error>
  </testcase> <!-- createOrder -->
</testsuite> <!-- com.wecash.http.cases.CreateChannelOrder -->
