<?xml version="1.0" encoding="UTF-8"?>
<!-- Generated by org.testng.reporters.JUnitReportReporter -->
<testsuite skipped="0" hostname="DESKTOP-NVUIMMA" name="com.wecash.http.cases.CapitalProduct" tests="2" failures="0" timestamp="25 三月 2020 15:18:42 GMT" time="22.581" errors="0">
  <testcase name="capitalProductGetAllProduct" time="22.561" classname="com.wecash.http.cases.CapitalProduct"/>
  <testcase name="capitalProductGetList" time="0.020" classname="com.wecash.http.cases.CapitalProduct"/>
</testsuite> <!-- com.wecash.http.cases.CapitalProduct -->
