<?xml version="1.0" encoding="UTF-8"?>
<!-- Generated by org.testng.reporters.JUnitReportReporter -->
<testsuite skipped="0" hostname="DESKTOP-NVUIMMA" name="com.wecash.http.cases.userBatchqueryById" tests="22" failures="0" timestamp="10 四月 2020 08:18:11 GMT" time="31.580" errors="0">
  <testcase name="userBatchQuery" time="0.663" classname="com.wecash.http.cases.userBatchqueryById"/>
  <testcase name="userBatchQuery" time="0.586" classname="com.wecash.http.cases.userBatchqueryById"/>
  <testcase name="userBatchQuery" time="0.614" classname="com.wecash.http.cases.userBatchqueryById"/>
  <testcase name="userBatchQuery" time="0.585" classname="com.wecash.http.cases.userBatchqueryById"/>
  <testcase name="userBatchQuery" time="0.660" classname="com.wecash.http.cases.userBatchqueryById"/>
  <testcase name="userBatchQuery" time="0.582" classname="com.wecash.http.cases.userBatchqueryById"/>
  <testcase name="userBatchQuery" time="0.662" classname="com.wecash.http.cases.userBatchqueryById"/>
  <testcase name="userBatchQuery" time="0.583" classname="com.wecash.http.cases.userBatchqueryById"/>
  <testcase name="userBatchQuery" time="0.678" classname="com.wecash.http.cases.userBatchqueryById"/>
  <testcase name="userBatchQuery" time="0.668" classname="com.wecash.http.cases.userBatchqueryById"/>
  <testcase name="userBatchQuery" time="0.579" classname="com.wecash.http.cases.userBatchqueryById"/>
  <testcase name="userBatchQuery" time="0.619" classname="com.wecash.http.cases.userBatchqueryById"/>
  <testcase name="userBatchQuery" time="0.644" classname="com.wecash.http.cases.userBatchqueryById"/>
  <testcase name="userBatchQuery" time="0.597" classname="com.wecash.http.cases.userBatchqueryById"/>
  <testcase name="userBatchQuery" time="0.602" classname="com.wecash.http.cases.userBatchqueryById"/>
  <testcase name="userBatchQuery" time="0.592" classname="com.wecash.http.cases.userBatchqueryById"/>
  <testcase name="userBatchQuery" time="0.680" classname="com.wecash.http.cases.userBatchqueryById"/>
  <testcase name="userBatchQuery" time="18.639" classname="com.wecash.http.cases.userBatchqueryById"/>
  <testcase name="userBatchQuery" time="0.599" classname="com.wecash.http.cases.userBatchqueryById"/>
  <testcase name="userBatchQuery" time="0.592" classname="com.wecash.http.cases.userBatchqueryById"/>
  <testcase name="userBatchQuery" time="0.590" classname="com.wecash.http.cases.userBatchqueryById"/>
  <testcase name="userBatchQuery" time="0.566" classname="com.wecash.http.cases.userBatchqueryById"/>
</testsuite> <!-- com.wecash.http.cases.userBatchqueryById -->
