<?xml version="1.0" encoding="UTF-8"?>
<!-- Generated by org.testng.reporters.JUnitReportReporter -->
<testsuite skipped="0" hostname="DESKTOP-NVUIMMA" name="com.wecash.http.cases.userBatchqueryById" tests="22" failures="0" timestamp="15 四月 2020 15:02:18 GMT" time="853.244" errors="0">
  <testcase name="userBatchQuery" time="45.705" classname="com.wecash.http.cases.userBatchqueryById"/>
  <testcase name="userBatchQuery" time="140.221" classname="com.wecash.http.cases.userBatchqueryById"/>
  <testcase name="userBatchQuery" time="0.581" classname="com.wecash.http.cases.userBatchqueryById"/>
  <testcase name="userBatchQuery" time="0.449" classname="com.wecash.http.cases.userBatchqueryById"/>
  <testcase name="userBatchQuery" time="48.487" classname="com.wecash.http.cases.userBatchqueryById"/>
  <testcase name="userBatchQuery" time="47.322" classname="com.wecash.http.cases.userBatchqueryById"/>
  <testcase name="userBatchQuery" time="46.926" classname="com.wecash.http.cases.userBatchqueryById"/>
  <testcase name="userBatchQuery" time="47.893" classname="com.wecash.http.cases.userBatchqueryById"/>
  <testcase name="userBatchQuery" time="49.423" classname="com.wecash.http.cases.userBatchqueryById"/>
  <testcase name="userBatchQuery" time="58.658" classname="com.wecash.http.cases.userBatchqueryById"/>
  <testcase name="userBatchQuery" time="57.155" classname="com.wecash.http.cases.userBatchqueryById"/>
  <testcase name="userBatchQuery" time="0.498" classname="com.wecash.http.cases.userBatchqueryById"/>
  <testcase name="userBatchQuery" time="57.713" classname="com.wecash.http.cases.userBatchqueryById"/>
  <testcase name="userBatchQuery" time="50.767" classname="com.wecash.http.cases.userBatchqueryById"/>
  <testcase name="userBatchQuery" time="0.536" classname="com.wecash.http.cases.userBatchqueryById"/>
  <testcase name="userBatchQuery" time="0.469" classname="com.wecash.http.cases.userBatchqueryById"/>
  <testcase name="userBatchQuery" time="51.032" classname="com.wecash.http.cases.userBatchqueryById"/>
  <testcase name="userBatchQuery" time="53.920" classname="com.wecash.http.cases.userBatchqueryById"/>
  <testcase name="userBatchQuery" time="0.619" classname="com.wecash.http.cases.userBatchqueryById"/>
  <testcase name="userBatchQuery" time="48.448" classname="com.wecash.http.cases.userBatchqueryById"/>
  <testcase name="userBatchQuery" time="45.960" classname="com.wecash.http.cases.userBatchqueryById"/>
  <testcase name="userBatchQuery" time="0.462" classname="com.wecash.http.cases.userBatchqueryById"/>
</testsuite> <!-- com.wecash.http.cases.userBatchqueryById -->
