<?xml version="1.0" encoding="UTF-8"?>
<!-- Generated by org.testng.reporters.JUnitReportReporter -->
<testsuite skipped="0" hostname="DESKTOP-NVUIMMA" name="com.wecash.http.cases.identityGetInfo" tests="10" failures="0" timestamp="10 四月 2020 13:31:33 GMT" time="18.236" errors="0">
  <testcase name="idGetInfo" time="14.033" classname="com.wecash.http.cases.identityGetInfo"/>
  <testcase name="idGetInfo" time="0.440" classname="com.wecash.http.cases.identityGetInfo"/>
  <testcase name="idGetInfo" time="0.460" classname="com.wecash.http.cases.identityGetInfo"/>
  <testcase name="idGetInfo" time="0.493" classname="com.wecash.http.cases.identityGetInfo"/>
  <testcase name="idGetInfo" time="0.476" classname="com.wecash.http.cases.identityGetInfo"/>
  <testcase name="idGetInfo" time="0.457" classname="com.wecash.http.cases.identityGetInfo"/>
  <testcase name="idGetInfo" time="0.514" classname="com.wecash.http.cases.identityGetInfo"/>
  <testcase name="idGetInfo" time="0.422" classname="com.wecash.http.cases.identityGetInfo"/>
  <testcase name="idGetInfo" time="0.468" classname="com.wecash.http.cases.identityGetInfo"/>
  <testcase name="idGetInfo" time="0.473" classname="com.wecash.http.cases.identityGetInfo"/>
</testsuite> <!-- com.wecash.http.cases.identityGetInfo -->
