<?xml version="1.0" encoding="UTF-8"?>
<!-- Generated by org.testng.reporters.JUnitReportReporter -->
<testsuite skipped="0" hostname="DESKTOP-NVUIMMA" name="com.wecash.http.cases.userQueryLimitMdById" tests="6" failures="0" timestamp="13 四月 2020 10:46:39 GMT" time="29.141" errors="0">
  <testcase name="GetInfoLimitById" time="0.464" classname="com.wecash.http.cases.userQueryLimitMdById"/>
  <testcase name="GetInfoLimitById" time="0.433" classname="com.wecash.http.cases.userQueryLimitMdById"/>
  <testcase name="GetInfoLimitById" time="26.880" classname="com.wecash.http.cases.userQueryLimitMdById"/>
  <testcase name="GetInfoLimitById" time="0.425" classname="com.wecash.http.cases.userQueryLimitMdById"/>
  <testcase name="GetInfoLimitById" time="0.475" classname="com.wecash.http.cases.userQueryLimitMdById"/>
  <testcase name="GetInfoLimitById" time="0.464" classname="com.wecash.http.cases.userQueryLimitMdById"/>
</testsuite> <!-- com.wecash.http.cases.userQueryLimitMdById -->
