<?xml version="1.0" encoding="UTF-8"?>
<!-- Generated by org.testng.reporters.JUnitReportReporter -->
<testsuite skipped="0" hostname="DESKTOP-NVUIMMA" name="com.wecash.http.cases.userQueryLimit" tests="32" failures="0" timestamp="15 四月 2020 15:29:04 GMT" time="168.068" errors="0">
  <testcase name="GetInfoLimit" time="0.479" classname="com.wecash.http.cases.userQueryLimit"/>
  <testcase name="GetInfoLimit" time="152.550" classname="com.wecash.http.cases.userQueryLimit"/>
  <testcase name="GetInfoLimit" time="0.567" classname="com.wecash.http.cases.userQueryLimit"/>
  <testcase name="GetInfoLimit" time="0.632" classname="com.wecash.http.cases.userQueryLimit"/>
  <testcase name="GetInfoLimit" time="0.469" classname="com.wecash.http.cases.userQueryLimit"/>
  <testcase name="GetInfoLimit" time="0.483" classname="com.wecash.http.cases.userQueryLimit"/>
  <testcase name="GetInfoLimit" time="0.494" classname="com.wecash.http.cases.userQueryLimit"/>
  <testcase name="GetInfoLimit" time="0.465" classname="com.wecash.http.cases.userQueryLimit"/>
  <testcase name="GetInfoLimit" time="0.480" classname="com.wecash.http.cases.userQueryLimit"/>
  <testcase name="GetInfoLimit" time="0.595" classname="com.wecash.http.cases.userQueryLimit"/>
  <testcase name="GetInfoLimit" time="0.609" classname="com.wecash.http.cases.userQueryLimit"/>
  <testcase name="GetInfoLimit" time="0.513" classname="com.wecash.http.cases.userQueryLimit"/>
  <testcase name="GetInfoLimit" time="0.462" classname="com.wecash.http.cases.userQueryLimit"/>
  <testcase name="GetInfoLimit" time="0.512" classname="com.wecash.http.cases.userQueryLimit"/>
  <testcase name="GetInfoLimit" time="0.494" classname="com.wecash.http.cases.userQueryLimit"/>
  <testcase name="GetInfoLimit" time="0.458" classname="com.wecash.http.cases.userQueryLimit"/>
  <testcase name="GetInfoLimit" time="0.448" classname="com.wecash.http.cases.userQueryLimit"/>
  <testcase name="GetInfoLimit" time="0.555" classname="com.wecash.http.cases.userQueryLimit"/>
  <testcase name="GetInfoLimit" time="0.460" classname="com.wecash.http.cases.userQueryLimit"/>
  <testcase name="GetInfoLimit" time="0.479" classname="com.wecash.http.cases.userQueryLimit"/>
  <testcase name="GetInfoLimit" time="0.465" classname="com.wecash.http.cases.userQueryLimit"/>
  <testcase name="GetInfoLimit" time="0.504" classname="com.wecash.http.cases.userQueryLimit"/>
  <testcase name="GetInfoLimit" time="0.461" classname="com.wecash.http.cases.userQueryLimit"/>
  <testcase name="GetInfoLimit" time="0.484" classname="com.wecash.http.cases.userQueryLimit"/>
  <testcase name="GetInfoLimit" time="0.514" classname="com.wecash.http.cases.userQueryLimit"/>
  <testcase name="GetInfoLimit" time="0.471" classname="com.wecash.http.cases.userQueryLimit"/>
  <testcase name="GetInfoLimit" time="0.451" classname="com.wecash.http.cases.userQueryLimit"/>
  <testcase name="GetInfoLimit" time="0.522" classname="com.wecash.http.cases.userQueryLimit"/>
  <testcase name="GetInfoLimit" time="0.490" classname="com.wecash.http.cases.userQueryLimit"/>
  <testcase name="GetInfoLimit" time="0.501" classname="com.wecash.http.cases.userQueryLimit"/>
  <testcase name="GetInfoLimit" time="0.466" classname="com.wecash.http.cases.userQueryLimit"/>
  <testcase name="GetInfoLimit" time="0.535" classname="com.wecash.http.cases.userQueryLimit"/>
</testsuite> <!-- com.wecash.http.cases.userQueryLimit -->
