<?xml version="1.0" encoding="UTF-8"?>
<!-- Generated by org.testng.reporters.JUnitReportReporter -->
<testsuite skipped="0" hostname="DESKTOP-NVUIMMA" name="com.wecash.http.cases.userQueryUserInfoByUserId" tests="19" failures="0" timestamp="13 四月 2020 11:10:38 GMT" time="42.216" errors="0">
  <testcase name="GetInfoByUserId" time="0.487" classname="com.wecash.http.cases.userQueryUserInfoByUserId"/>
  <testcase name="GetInfoByUserId" time="0.453" classname="com.wecash.http.cases.userQueryUserInfoByUserId"/>
  <testcase name="GetInfoByUserId" time="0.511" classname="com.wecash.http.cases.userQueryUserInfoByUserId"/>
  <testcase name="GetInfoByUserId" time="0.461" classname="com.wecash.http.cases.userQueryUserInfoByUserId"/>
  <testcase name="GetInfoByUserId" time="0.482" classname="com.wecash.http.cases.userQueryUserInfoByUserId"/>
  <testcase name="GetInfoByUserId" time="0.479" classname="com.wecash.http.cases.userQueryUserInfoByUserId"/>
  <testcase name="GetInfoByUserId" time="0.439" classname="com.wecash.http.cases.userQueryUserInfoByUserId"/>
  <testcase name="GetInfoByUserId" time="0.456" classname="com.wecash.http.cases.userQueryUserInfoByUserId"/>
  <testcase name="GetInfoByUserId" time="0.447" classname="com.wecash.http.cases.userQueryUserInfoByUserId"/>
  <testcase name="GetInfoByUserId" time="33.656" classname="com.wecash.http.cases.userQueryUserInfoByUserId"/>
  <testcase name="GetInfoByUserId" time="0.494" classname="com.wecash.http.cases.userQueryUserInfoByUserId"/>
  <testcase name="GetInfoByUserId" time="0.495" classname="com.wecash.http.cases.userQueryUserInfoByUserId"/>
  <testcase name="GetInfoByUserId" time="0.451" classname="com.wecash.http.cases.userQueryUserInfoByUserId"/>
  <testcase name="GetInfoByUserId" time="0.485" classname="com.wecash.http.cases.userQueryUserInfoByUserId"/>
  <testcase name="GetInfoByUserId" time="0.528" classname="com.wecash.http.cases.userQueryUserInfoByUserId"/>
  <testcase name="GetInfoByUserId" time="0.457" classname="com.wecash.http.cases.userQueryUserInfoByUserId"/>
  <testcase name="GetInfoByUserId" time="0.487" classname="com.wecash.http.cases.userQueryUserInfoByUserId"/>
  <testcase name="GetInfoByUserId" time="0.495" classname="com.wecash.http.cases.userQueryUserInfoByUserId"/>
  <testcase name="GetInfoByUserId" time="0.453" classname="com.wecash.http.cases.userQueryUserInfoByUserId"/>
</testsuite> <!-- com.wecash.http.cases.userQueryUserInfoByUserId -->
