<?xml version="1.0" encoding="UTF-8"?>
<!-- Generated by org.testng.reporters.JUnitReportReporter -->
<testsuite skipped="0" hostname="DESKTOP-NVUIMMA" name="com.wecash.http.cases.userBatchqueryById" tests="22" failures="0" timestamp="14 四月 2020 09:41:20 GMT" time="483.883" errors="0">
  <testcase name="userBatchQuery" time="39.227" classname="com.wecash.http.cases.userBatchqueryById"/>
  <testcase name="userBatchQuery" time="69.715" classname="com.wecash.http.cases.userBatchqueryById"/>
  <testcase name="userBatchQuery" time="0.496" classname="com.wecash.http.cases.userBatchqueryById"/>
  <testcase name="userBatchQuery" time="0.436" classname="com.wecash.http.cases.userBatchqueryById"/>
  <testcase name="userBatchQuery" time="26.271" classname="com.wecash.http.cases.userBatchqueryById"/>
  <testcase name="userBatchQuery" time="27.675" classname="com.wecash.http.cases.userBatchqueryById"/>
  <testcase name="userBatchQuery" time="26.137" classname="com.wecash.http.cases.userBatchqueryById"/>
  <testcase name="userBatchQuery" time="27.743" classname="com.wecash.http.cases.userBatchqueryById"/>
  <testcase name="userBatchQuery" time="29.856" classname="com.wecash.http.cases.userBatchqueryById"/>
  <testcase name="userBatchQuery" time="30.256" classname="com.wecash.http.cases.userBatchqueryById"/>
  <testcase name="userBatchQuery" time="24.696" classname="com.wecash.http.cases.userBatchqueryById"/>
  <testcase name="userBatchQuery" time="0.521" classname="com.wecash.http.cases.userBatchqueryById"/>
  <testcase name="userBatchQuery" time="29.574" classname="com.wecash.http.cases.userBatchqueryById"/>
  <testcase name="userBatchQuery" time="28.033" classname="com.wecash.http.cases.userBatchqueryById"/>
  <testcase name="userBatchQuery" time="0.476" classname="com.wecash.http.cases.userBatchqueryById"/>
  <testcase name="userBatchQuery" time="0.438" classname="com.wecash.http.cases.userBatchqueryById"/>
  <testcase name="userBatchQuery" time="25.687" classname="com.wecash.http.cases.userBatchqueryById"/>
  <testcase name="userBatchQuery" time="30.348" classname="com.wecash.http.cases.userBatchqueryById"/>
  <testcase name="userBatchQuery" time="0.508" classname="com.wecash.http.cases.userBatchqueryById"/>
  <testcase name="userBatchQuery" time="39.071" classname="com.wecash.http.cases.userBatchqueryById"/>
  <testcase name="userBatchQuery" time="26.276" classname="com.wecash.http.cases.userBatchqueryById"/>
  <testcase name="userBatchQuery" time="0.443" classname="com.wecash.http.cases.userBatchqueryById"/>
</testsuite> <!-- com.wecash.http.cases.userBatchqueryById -->
