<?xml version="1.0" encoding="UTF-8"?>
<!-- Generated by org.testng.reporters.JUnitReportReporter -->
<testsuite skipped="0" hostname="DESKTOP-NVUIMMA" name="com.wecash.http.cases.userQueryLimitMdById" tests="6" failures="0" timestamp="15 四月 2020 15:30:51 GMT" time="73.138" errors="0">
  <testcase name="GetInfoLimitById" time="0.511" classname="com.wecash.http.cases.userQueryLimitMdById"/>
  <testcase name="GetInfoLimitById" time="0.482" classname="com.wecash.http.cases.userQueryLimitMdById"/>
  <testcase name="GetInfoLimitById" time="0.479" classname="com.wecash.http.cases.userQueryLimitMdById"/>
  <testcase name="GetInfoLimitById" time="0.719" classname="com.wecash.http.cases.userQueryLimitMdById"/>
  <testcase name="GetInfoLimitById" time="0.506" classname="com.wecash.http.cases.userQueryLimitMdById"/>
  <testcase name="GetInfoLimitById" time="70.441" classname="com.wecash.http.cases.userQueryLimitMdById"/>
</testsuite> <!-- com.wecash.http.cases.userQueryLimitMdById -->
