<?xml version="1.0" encoding="UTF-8"?>
<!-- Generated by org.testng.reporters.JUnitReportReporter -->
<testsuite skipped="0" hostname="DESKTOP-NVUIMMA" name="com.wecash.http.cases.userQueryById" tests="18" failures="0" timestamp="15 四月 2020 15:22:39 GMT" time="112.864" errors="0">
  <testcase name="GetInfoById" time="0.474" classname="com.wecash.http.cases.userQueryById"/>
  <testcase name="GetInfoById" time="0.472" classname="com.wecash.http.cases.userQueryById"/>
  <testcase name="GetInfoById" time="0.447" classname="com.wecash.http.cases.userQueryById"/>
  <testcase name="GetInfoById" time="0.450" classname="com.wecash.http.cases.userQueryById"/>
  <testcase name="GetInfoById" time="104.860" classname="com.wecash.http.cases.userQueryById"/>
  <testcase name="GetInfoById" time="0.444" classname="com.wecash.http.cases.userQueryById"/>
  <testcase name="GetInfoById" time="0.475" classname="com.wecash.http.cases.userQueryById"/>
  <testcase name="GetInfoById" time="0.462" classname="com.wecash.http.cases.userQueryById"/>
  <testcase name="GetInfoById" time="0.457" classname="com.wecash.http.cases.userQueryById"/>
  <testcase name="GetInfoById" time="0.523" classname="com.wecash.http.cases.userQueryById"/>
  <testcase name="GetInfoById" time="0.481" classname="com.wecash.http.cases.userQueryById"/>
  <testcase name="GetInfoById" time="0.474" classname="com.wecash.http.cases.userQueryById"/>
  <testcase name="GetInfoById" time="0.514" classname="com.wecash.http.cases.userQueryById"/>
  <testcase name="GetInfoById" time="0.484" classname="com.wecash.http.cases.userQueryById"/>
  <testcase name="GetInfoById" time="0.454" classname="com.wecash.http.cases.userQueryById"/>
  <testcase name="GetInfoById" time="0.477" classname="com.wecash.http.cases.userQueryById"/>
  <testcase name="GetInfoById" time="0.453" classname="com.wecash.http.cases.userQueryById"/>
  <testcase name="GetInfoById" time="0.463" classname="com.wecash.http.cases.userQueryById"/>
</testsuite> <!-- com.wecash.http.cases.userQueryById -->
