<?xml version="1.0" encoding="UTF-8"?>
<!-- Generated by org.testng.reporters.JUnitReportReporter -->
<testsuite skipped="0" hostname="DESKTOP-NVUIMMA" name="com.wecash.http.cases.SaveGrant" tests="20" failures="0" timestamp="16 四月 2020 07:59:41 GMT" time="599.674" errors="0">
  <testcase name="SaveGrantInfo" time="0.476" classname="com.wecash.http.cases.SaveGrant"/>
  <testcase name="SaveGrantInfo" time="74.209" classname="com.wecash.http.cases.SaveGrant"/>
  <testcase name="SaveGrantInfo" time="0.421" classname="com.wecash.http.cases.SaveGrant"/>
  <testcase name="SaveGrantInfo" time="75.616" classname="com.wecash.http.cases.SaveGrant"/>
  <testcase name="SaveGrantInfo" time="73.497" classname="com.wecash.http.cases.SaveGrant"/>
  <testcase name="SaveGrantInfo" time="0.430" classname="com.wecash.http.cases.SaveGrant"/>
  <testcase name="SaveGrantInfo" time="103.462" classname="com.wecash.http.cases.SaveGrant"/>
  <testcase name="SaveGrantInfo" time="0.420" classname="com.wecash.http.cases.SaveGrant"/>
  <testcase name="SaveGrantInfo" time="84.922" classname="com.wecash.http.cases.SaveGrant"/>
  <testcase name="SaveGrantInfo" time="104.677" classname="com.wecash.http.cases.SaveGrant"/>
  <testcase name="SaveGrantInfo" time="0.448" classname="com.wecash.http.cases.SaveGrant"/>
  <testcase name="SaveGrantInfo" time="0.435" classname="com.wecash.http.cases.SaveGrant"/>
  <testcase name="SaveGrantInfo" time="77.502" classname="com.wecash.http.cases.SaveGrant"/>
  <testcase name="SaveGrantInfo" time="0.478" classname="com.wecash.http.cases.SaveGrant"/>
  <testcase name="SaveGrantInfo" time="0.447" classname="com.wecash.http.cases.SaveGrant"/>
  <testcase name="SaveGrantInfo" time="0.435" classname="com.wecash.http.cases.SaveGrant"/>
  <testcase name="SaveGrantInfo" time="0.443" classname="com.wecash.http.cases.SaveGrant"/>
  <testcase name="SaveGrantInfo" time="0.486" classname="com.wecash.http.cases.SaveGrant"/>
  <testcase name="SaveGrantInfo" time="0.445" classname="com.wecash.http.cases.SaveGrant"/>
  <testcase name="SaveGrantInfo" time="0.425" classname="com.wecash.http.cases.SaveGrant"/>
</testsuite> <!-- com.wecash.http.cases.SaveGrant -->
