<?xml version="1.0" encoding="UTF-8"?>
<!-- Generated by org.testng.reporters.JUnitReportReporter -->
<testsuite skipped="0" hostname="DESKTOP-NVUIMMA" name="com.wecash.http.cases.userModify" tests="17" failures="0" timestamp="14 四月 2020 11:04:47 GMT" time="111.972" errors="0">
  <testcase name="userInfoModify" time="0.691" classname="com.wecash.http.cases.userModify"/>
  <testcase name="userInfoModify" time="0.708" classname="com.wecash.http.cases.userModify"/>
  <testcase name="userInfoModify" time="0.574" classname="com.wecash.http.cases.userModify"/>
  <testcase name="userInfoModify" time="6.529" classname="com.wecash.http.cases.userModify"/>
  <testcase name="userInfoModify" time="0.595" classname="com.wecash.http.cases.userModify"/>
  <testcase name="userInfoModify" time="13.320" classname="com.wecash.http.cases.userModify"/>
  <testcase name="userInfoModify" time="0.688" classname="com.wecash.http.cases.userModify"/>
  <testcase name="userInfoModify" time="0.713" classname="com.wecash.http.cases.userModify"/>
  <testcase name="userInfoModify" time="0.834" classname="com.wecash.http.cases.userModify"/>
  <testcase name="userInfoModify" time="0.614" classname="com.wecash.http.cases.userModify"/>
  <testcase name="userInfoModify" time="6.233" classname="com.wecash.http.cases.userModify"/>
  <testcase name="userInfoModify" time="0.624" classname="com.wecash.http.cases.userModify"/>
  <testcase name="userInfoModify" time="0.588" classname="com.wecash.http.cases.userModify"/>
  <testcase name="userInfoModify" time="0.660" classname="com.wecash.http.cases.userModify"/>
  <testcase name="userInfoModify" time="65.504" classname="com.wecash.http.cases.userModify"/>
  <testcase name="userInfoModify" time="6.254" classname="com.wecash.http.cases.userModify"/>
  <testcase name="userInfoModify" time="6.843" classname="com.wecash.http.cases.userModify"/>
</testsuite> <!-- com.wecash.http.cases.userModify -->
