<?xml version="1.0" encoding="UTF-8"?>
<!-- Generated by org.testng.reporters.JUnitReportReporter -->
<testsuite skipped="0" hostname="DESKTOP-NVUIMMA" name="com.wecash.http.cases.userBatchqueryById" tests="22" failures="0" timestamp="09 四月 2020 14:37:03 GMT" time="13.400" errors="0">
  <testcase name="userBatchQuery" time="0.492" classname="com.wecash.http.cases.userBatchqueryById"/>
  <testcase name="userBatchQuery" time="0.488" classname="com.wecash.http.cases.userBatchqueryById"/>
  <testcase name="userBatchQuery" time="0.483" classname="com.wecash.http.cases.userBatchqueryById"/>
  <testcase name="userBatchQuery" time="0.493" classname="com.wecash.http.cases.userBatchqueryById"/>
  <testcase name="userBatchQuery" time="0.479" classname="com.wecash.http.cases.userBatchqueryById"/>
  <testcase name="userBatchQuery" time="0.465" classname="com.wecash.http.cases.userBatchqueryById"/>
  <testcase name="userBatchQuery" time="0.431" classname="com.wecash.http.cases.userBatchqueryById"/>
  <testcase name="userBatchQuery" time="0.520" classname="com.wecash.http.cases.userBatchqueryById"/>
  <testcase name="userBatchQuery" time="0.466" classname="com.wecash.http.cases.userBatchqueryById"/>
  <testcase name="userBatchQuery" time="0.421" classname="com.wecash.http.cases.userBatchqueryById"/>
  <testcase name="userBatchQuery" time="0.461" classname="com.wecash.http.cases.userBatchqueryById"/>
  <testcase name="userBatchQuery" time="0.496" classname="com.wecash.http.cases.userBatchqueryById"/>
  <testcase name="userBatchQuery" time="0.459" classname="com.wecash.http.cases.userBatchqueryById"/>
  <testcase name="userBatchQuery" time="0.480" classname="com.wecash.http.cases.userBatchqueryById"/>
  <testcase name="userBatchQuery" time="0.481" classname="com.wecash.http.cases.userBatchqueryById"/>
  <testcase name="userBatchQuery" time="0.472" classname="com.wecash.http.cases.userBatchqueryById"/>
  <testcase name="userBatchQuery" time="0.482" classname="com.wecash.http.cases.userBatchqueryById"/>
  <testcase name="userBatchQuery" time="3.436" classname="com.wecash.http.cases.userBatchqueryById"/>
  <testcase name="userBatchQuery" time="0.467" classname="com.wecash.http.cases.userBatchqueryById"/>
  <testcase name="userBatchQuery" time="0.490" classname="com.wecash.http.cases.userBatchqueryById"/>
  <testcase name="userBatchQuery" time="0.463" classname="com.wecash.http.cases.userBatchqueryById"/>
  <testcase name="userBatchQuery" time="0.475" classname="com.wecash.http.cases.userBatchqueryById"/>
</testsuite> <!-- com.wecash.http.cases.userBatchqueryById -->
