<?xml version="1.0" encoding="UTF-8"?>
<!-- Generated by org.testng.reporters.JUnitReportReporter -->
<testsuite skipped="0" hostname="DESKTOP-NVUIMMA" name="com.wecash.http.cases.userModify" tests="17" failures="0" timestamp="15 四月 2020 16:26:25 GMT" time="986.885" errors="0">
  <testcase name="userInfoModify" time="0.489" classname="com.wecash.http.cases.userModify"/>
  <testcase name="userInfoModify" time="94.930" classname="com.wecash.http.cases.userModify"/>
  <testcase name="userInfoModify" time="0.460" classname="com.wecash.http.cases.userModify"/>
  <testcase name="userInfoModify" time="105.636" classname="com.wecash.http.cases.userModify"/>
  <testcase name="userInfoModify" time="0.728" classname="com.wecash.http.cases.userModify"/>
  <testcase name="userInfoModify" time="0.742" classname="com.wecash.http.cases.userModify"/>
  <testcase name="userInfoModify" time="0.563" classname="com.wecash.http.cases.userModify"/>
  <testcase name="userInfoModify" time="0.484" classname="com.wecash.http.cases.userModify"/>
  <testcase name="userInfoModify" time="0.459" classname="com.wecash.http.cases.userModify"/>
  <testcase name="userInfoModify" time="128.152" classname="com.wecash.http.cases.userModify"/>
  <testcase name="userInfoModify" time="112.297" classname="com.wecash.http.cases.userModify"/>
  <testcase name="userInfoModify" time="121.454" classname="com.wecash.http.cases.userModify"/>
  <testcase name="userInfoModify" time="111.068" classname="com.wecash.http.cases.userModify"/>
  <testcase name="userInfoModify" time="102.698" classname="com.wecash.http.cases.userModify"/>
  <testcase name="userInfoModify" time="94.824" classname="com.wecash.http.cases.userModify"/>
  <testcase name="userInfoModify" time="111.102" classname="com.wecash.http.cases.userModify"/>
  <testcase name="userInfoModify" time="0.799" classname="com.wecash.http.cases.userModify"/>
</testsuite> <!-- com.wecash.http.cases.userModify -->
