<?xml version="1.0" encoding="UTF-8"?>
<!-- Generated by org.testng.reporters.JUnitReportReporter -->
<testsuite skipped="0" hostname="DESKTOP-NVUIMMA" name="com.wecash.http.cases.identitySubmit" tests="14" failures="0" timestamp="10 四月 2020 13:34:01 GMT" time="22.802" errors="0">
  <testcase name="idSubmitInfo" time="0.517" classname="com.wecash.http.cases.identitySubmit"/>
  <testcase name="idSubmitInfo" time="0.452" classname="com.wecash.http.cases.identitySubmit"/>
  <testcase name="idSubmitInfo" time="0.445" classname="com.wecash.http.cases.identitySubmit"/>
  <testcase name="idSubmitInfo" time="0.450" classname="com.wecash.http.cases.identitySubmit"/>
  <testcase name="idSubmitInfo" time="0.447" classname="com.wecash.http.cases.identitySubmit"/>
  <testcase name="idSubmitInfo" time="0.436" classname="com.wecash.http.cases.identitySubmit"/>
  <testcase name="idSubmitInfo" time="0.987" classname="com.wecash.http.cases.identitySubmit"/>
  <testcase name="idSubmitInfo" time="0.460" classname="com.wecash.http.cases.identitySubmit"/>
  <testcase name="idSubmitInfo" time="0.546" classname="com.wecash.http.cases.identitySubmit"/>
  <testcase name="idSubmitInfo" time="13.868" classname="com.wecash.http.cases.identitySubmit"/>
  <testcase name="idSubmitInfo" time="0.452" classname="com.wecash.http.cases.identitySubmit"/>
  <testcase name="idSubmitInfo" time="1.645" classname="com.wecash.http.cases.identitySubmit"/>
  <testcase name="idSubmitInfo" time="0.445" classname="com.wecash.http.cases.identitySubmit"/>
  <testcase name="idSubmitInfo" time="1.652" classname="com.wecash.http.cases.identitySubmit"/>
</testsuite> <!-- com.wecash.http.cases.identitySubmit -->
