<?xml version="1.0" encoding="UTF-8"?>
<!-- Generated by org.testng.reporters.JUnitReportReporter -->
<testsuite skipped="0" hostname="DESKTOP-NVUIMMA" name="com.wecash.http.cases.userQueryIdByConditionMd" tests="39" failures="0" timestamp="14 四月 2020 10:33:56 GMT" time="119.676" errors="0">
  <testcase name="QueryByConditionMd" time="0.574" classname="com.wecash.http.cases.userQueryIdByConditionMd"/>
  <testcase name="QueryByConditionMd" time="0.582" classname="com.wecash.http.cases.userQueryIdByConditionMd"/>
  <testcase name="QueryByConditionMd" time="0.594" classname="com.wecash.http.cases.userQueryIdByConditionMd"/>
  <testcase name="QueryByConditionMd" time="0.563" classname="com.wecash.http.cases.userQueryIdByConditionMd"/>
  <testcase name="QueryByConditionMd" time="0.582" classname="com.wecash.http.cases.userQueryIdByConditionMd"/>
  <testcase name="QueryByConditionMd" time="0.584" classname="com.wecash.http.cases.userQueryIdByConditionMd"/>
  <testcase name="QueryByConditionMd" time="0.591" classname="com.wecash.http.cases.userQueryIdByConditionMd"/>
  <testcase name="QueryByConditionMd" time="0.617" classname="com.wecash.http.cases.userQueryIdByConditionMd"/>
  <testcase name="QueryByConditionMd" time="0.567" classname="com.wecash.http.cases.userQueryIdByConditionMd"/>
  <testcase name="QueryByConditionMd" time="0.608" classname="com.wecash.http.cases.userQueryIdByConditionMd"/>
  <testcase name="QueryByConditionMd" time="0.659" classname="com.wecash.http.cases.userQueryIdByConditionMd"/>
  <testcase name="QueryByConditionMd" time="0.595" classname="com.wecash.http.cases.userQueryIdByConditionMd"/>
  <testcase name="QueryByConditionMd" time="0.586" classname="com.wecash.http.cases.userQueryIdByConditionMd"/>
  <testcase name="QueryByConditionMd" time="0.639" classname="com.wecash.http.cases.userQueryIdByConditionMd"/>
  <testcase name="QueryByConditionMd" time="0.583" classname="com.wecash.http.cases.userQueryIdByConditionMd"/>
  <testcase name="QueryByConditionMd" time="0.576" classname="com.wecash.http.cases.userQueryIdByConditionMd"/>
  <testcase name="QueryByConditionMd" time="0.589" classname="com.wecash.http.cases.userQueryIdByConditionMd"/>
  <testcase name="QueryByConditionMd" time="97.119" classname="com.wecash.http.cases.userQueryIdByConditionMd"/>
  <testcase name="QueryByConditionMd" time="0.563" classname="com.wecash.http.cases.userQueryIdByConditionMd"/>
  <testcase name="QueryByConditionMd" time="0.590" classname="com.wecash.http.cases.userQueryIdByConditionMd"/>
  <testcase name="QueryByConditionMd" time="0.572" classname="com.wecash.http.cases.userQueryIdByConditionMd"/>
  <testcase name="QueryByConditionMd" time="0.593" classname="com.wecash.http.cases.userQueryIdByConditionMd"/>
  <testcase name="QueryByConditionMd" time="0.564" classname="com.wecash.http.cases.userQueryIdByConditionMd"/>
  <testcase name="QueryByConditionMd" time="0.553" classname="com.wecash.http.cases.userQueryIdByConditionMd"/>
  <testcase name="QueryByConditionMd" time="0.638" classname="com.wecash.http.cases.userQueryIdByConditionMd"/>
  <testcase name="QueryByConditionMd" time="0.655" classname="com.wecash.http.cases.userQueryIdByConditionMd"/>
  <testcase name="QueryByConditionMd" time="0.620" classname="com.wecash.http.cases.userQueryIdByConditionMd"/>
  <testcase name="QueryByConditionMd" time="0.583" classname="com.wecash.http.cases.userQueryIdByConditionMd"/>
  <testcase name="QueryByConditionMd" time="0.549" classname="com.wecash.http.cases.userQueryIdByConditionMd"/>
  <testcase name="QueryByConditionMd" time="0.587" classname="com.wecash.http.cases.userQueryIdByConditionMd"/>
  <testcase name="QueryByConditionMd" time="0.629" classname="com.wecash.http.cases.userQueryIdByConditionMd"/>
  <testcase name="QueryByConditionMd" time="0.619" classname="com.wecash.http.cases.userQueryIdByConditionMd"/>
  <testcase name="QueryByConditionMd" time="0.568" classname="com.wecash.http.cases.userQueryIdByConditionMd"/>
  <testcase name="QueryByConditionMd" time="0.598" classname="com.wecash.http.cases.userQueryIdByConditionMd"/>
  <testcase name="QueryByConditionMd" time="0.600" classname="com.wecash.http.cases.userQueryIdByConditionMd"/>
  <testcase name="QueryByConditionMd" time="0.620" classname="com.wecash.http.cases.userQueryIdByConditionMd"/>
  <testcase name="QueryByConditionMd" time="0.564" classname="com.wecash.http.cases.userQueryIdByConditionMd"/>
  <testcase name="QueryByConditionMd" time="0.589" classname="com.wecash.http.cases.userQueryIdByConditionMd"/>
  <testcase name="QueryByConditionMd" time="0.614" classname="com.wecash.http.cases.userQueryIdByConditionMd"/>
</testsuite> <!-- com.wecash.http.cases.userQueryIdByConditionMd -->
