<?xml version="1.0" encoding="UTF-8"?>
<!-- Generated by org.testng.reporters.JUnitReportReporter -->
<testsuite skipped="0" hostname="DESKTOP-NVUIMMA" name="com.wecash.http.cases.userQueryIdByConditionMd" tests="39" failures="0" timestamp="15 四月 2020 15:25:50 GMT" time="175.918" errors="0">
  <testcase name="QueryByConditionMd" time="0.487" classname="com.wecash.http.cases.userQueryIdByConditionMd"/>
  <testcase name="QueryByConditionMd" time="0.450" classname="com.wecash.http.cases.userQueryIdByConditionMd"/>
  <testcase name="QueryByConditionMd" time="0.439" classname="com.wecash.http.cases.userQueryIdByConditionMd"/>
  <testcase name="QueryByConditionMd" time="0.453" classname="com.wecash.http.cases.userQueryIdByConditionMd"/>
  <testcase name="QueryByConditionMd" time="0.453" classname="com.wecash.http.cases.userQueryIdByConditionMd"/>
  <testcase name="QueryByConditionMd" time="0.468" classname="com.wecash.http.cases.userQueryIdByConditionMd"/>
  <testcase name="QueryByConditionMd" time="0.473" classname="com.wecash.http.cases.userQueryIdByConditionMd"/>
  <testcase name="QueryByConditionMd" time="0.448" classname="com.wecash.http.cases.userQueryIdByConditionMd"/>
  <testcase name="QueryByConditionMd" time="0.443" classname="com.wecash.http.cases.userQueryIdByConditionMd"/>
  <testcase name="QueryByConditionMd" time="0.452" classname="com.wecash.http.cases.userQueryIdByConditionMd"/>
  <testcase name="QueryByConditionMd" time="0.460" classname="com.wecash.http.cases.userQueryIdByConditionMd"/>
  <testcase name="QueryByConditionMd" time="0.460" classname="com.wecash.http.cases.userQueryIdByConditionMd"/>
  <testcase name="QueryByConditionMd" time="0.437" classname="com.wecash.http.cases.userQueryIdByConditionMd"/>
  <testcase name="QueryByConditionMd" time="0.489" classname="com.wecash.http.cases.userQueryIdByConditionMd"/>
  <testcase name="QueryByConditionMd" time="158.493" classname="com.wecash.http.cases.userQueryIdByConditionMd"/>
  <testcase name="QueryByConditionMd" time="0.459" classname="com.wecash.http.cases.userQueryIdByConditionMd"/>
  <testcase name="QueryByConditionMd" time="0.471" classname="com.wecash.http.cases.userQueryIdByConditionMd"/>
  <testcase name="QueryByConditionMd" time="0.456" classname="com.wecash.http.cases.userQueryIdByConditionMd"/>
  <testcase name="QueryByConditionMd" time="0.431" classname="com.wecash.http.cases.userQueryIdByConditionMd"/>
  <testcase name="QueryByConditionMd" time="0.500" classname="com.wecash.http.cases.userQueryIdByConditionMd"/>
  <testcase name="QueryByConditionMd" time="0.482" classname="com.wecash.http.cases.userQueryIdByConditionMd"/>
  <testcase name="QueryByConditionMd" time="0.466" classname="com.wecash.http.cases.userQueryIdByConditionMd"/>
  <testcase name="QueryByConditionMd" time="0.448" classname="com.wecash.http.cases.userQueryIdByConditionMd"/>
  <testcase name="QueryByConditionMd" time="0.437" classname="com.wecash.http.cases.userQueryIdByConditionMd"/>
  <testcase name="QueryByConditionMd" time="0.454" classname="com.wecash.http.cases.userQueryIdByConditionMd"/>
  <testcase name="QueryByConditionMd" time="0.444" classname="com.wecash.http.cases.userQueryIdByConditionMd"/>
  <testcase name="QueryByConditionMd" time="0.446" classname="com.wecash.http.cases.userQueryIdByConditionMd"/>
  <testcase name="QueryByConditionMd" time="0.455" classname="com.wecash.http.cases.userQueryIdByConditionMd"/>
  <testcase name="QueryByConditionMd" time="0.462" classname="com.wecash.http.cases.userQueryIdByConditionMd"/>
  <testcase name="QueryByConditionMd" time="0.439" classname="com.wecash.http.cases.userQueryIdByConditionMd"/>
  <testcase name="QueryByConditionMd" time="0.443" classname="com.wecash.http.cases.userQueryIdByConditionMd"/>
  <testcase name="QueryByConditionMd" time="0.465" classname="com.wecash.http.cases.userQueryIdByConditionMd"/>
  <testcase name="QueryByConditionMd" time="0.437" classname="com.wecash.http.cases.userQueryIdByConditionMd"/>
  <testcase name="QueryByConditionMd" time="0.512" classname="com.wecash.http.cases.userQueryIdByConditionMd"/>
  <testcase name="QueryByConditionMd" time="0.485" classname="com.wecash.http.cases.userQueryIdByConditionMd"/>
  <testcase name="QueryByConditionMd" time="0.441" classname="com.wecash.http.cases.userQueryIdByConditionMd"/>
  <testcase name="QueryByConditionMd" time="0.460" classname="com.wecash.http.cases.userQueryIdByConditionMd"/>
  <testcase name="QueryByConditionMd" time="0.453" classname="com.wecash.http.cases.userQueryIdByConditionMd"/>
  <testcase name="QueryByConditionMd" time="0.467" classname="com.wecash.http.cases.userQueryIdByConditionMd"/>
</testsuite> <!-- com.wecash.http.cases.userQueryIdByConditionMd -->
